CRITICAL - 2023-03-14 01:30:31 --> syntax error, unexpected identifier "id", expecting "," or ";"
in APPPATH\Views\clientes\clientes.php on line 51.
 1 SYSTEMPATH\View\View.php(216): CodeIgniter\View\View->CodeIgniter\View\{closure}()
 2 SYSTEMPATH\Common.php(1184): CodeIgniter\View\View->render('clientes/clientes', [], true)
 3 APPPATH\Controllers\Clientes.php(75): view('clientes/clientes', [...])
 4 SYSTEMPATH\CodeIgniter.php(934): App\Controllers\Clientes->index()
 5 SYSTEMPATH\CodeIgniter.php(499): CodeIgniter\CodeIgniter->runController(Object(App\Controllers\Clientes))
 6 SYSTEMPATH\CodeIgniter.php(368): CodeIgniter\CodeIgniter->handleRequest(null, Object(Config\Cache), false)
 7 FCPATH\index.php(67): CodeIgniter\CodeIgniter->run()
CRITICAL - 2023-03-14 01:30:35 --> syntax error, unexpected identifier "id", expecting "," or ";"
in APPPATH\Views\clientes\clientes.php on line 51.
 1 SYSTEMPATH\View\View.php(216): CodeIgniter\View\View->CodeIgniter\View\{closure}()
 2 SYSTEMPATH\Common.php(1184): CodeIgniter\View\View->render('clientes/clientes', [], true)
 3 APPPATH\Controllers\Clientes.php(75): view('clientes/clientes', [...])
 4 SYSTEMPATH\CodeIgniter.php(934): App\Controllers\Clientes->index()
 5 SYSTEMPATH\CodeIgniter.php(499): CodeIgniter\CodeIgniter->runController(Object(App\Controllers\Clientes))
 6 SYSTEMPATH\CodeIgniter.php(368): CodeIgniter\CodeIgniter->handleRequest(null, Object(Config\Cache), false)
 7 FCPATH\index.php(67): CodeIgniter\CodeIgniter->run()
CRITICAL - 2023-03-14 01:30:39 --> syntax error, unexpected token "{"
in APPPATH\Views\clientes\clientes.php on line 51.
 1 SYSTEMPATH\View\View.php(216): CodeIgniter\View\View->CodeIgniter\View\{closure}()
 2 SYSTEMPATH\Common.php(1184): CodeIgniter\View\View->render('clientes/clientes', [], true)
 3 APPPATH\Controllers\Clientes.php(75): view('clientes/clientes', [...])
 4 SYSTEMPATH\CodeIgniter.php(934): App\Controllers\Clientes->index()
 5 SYSTEMPATH\CodeIgniter.php(499): CodeIgniter\CodeIgniter->runController(Object(App\Controllers\Clientes))
 6 SYSTEMPATH\CodeIgniter.php(368): CodeIgniter\CodeIgniter->handleRequest(null, Object(Config\Cache), false)
 7 FCPATH\index.php(67): CodeIgniter\CodeIgniter->run()
CRITICAL - 2023-03-14 01:30:41 --> syntax error, unexpected identifier "id", expecting "," or ";"
in APPPATH\Views\clientes\clientes.php on line 51.
 1 SYSTEMPATH\View\View.php(216): CodeIgniter\View\View->CodeIgniter\View\{closure}()
 2 SYSTEMPATH\Common.php(1184): CodeIgniter\View\View->render('clientes/clientes', [], true)
 3 APPPATH\Controllers\Clientes.php(75): view('clientes/clientes', [...])
 4 SYSTEMPATH\CodeIgniter.php(934): App\Controllers\Clientes->index()
 5 SYSTEMPATH\CodeIgniter.php(499): CodeIgniter\CodeIgniter->runController(Object(App\Controllers\Clientes))
 6 SYSTEMPATH\CodeIgniter.php(368): CodeIgniter\CodeIgniter->handleRequest(null, Object(Config\Cache), false)
 7 FCPATH\index.php(67): CodeIgniter\CodeIgniter->run()
CRITICAL - 2023-03-14 01:30:45 --> syntax error, unexpected variable "$dato", expecting "," or ";"
in APPPATH\Views\clientes\clientes.php on line 51.
 1 SYSTEMPATH\View\View.php(216): CodeIgniter\View\View->CodeIgniter\View\{closure}()
 2 SYSTEMPATH\Common.php(1184): CodeIgniter\View\View->render('clientes/clientes', [], true)
 3 APPPATH\Controllers\Clientes.php(75): view('clientes/clientes', [...])
 4 SYSTEMPATH\CodeIgniter.php(934): App\Controllers\Clientes->index()
 5 SYSTEMPATH\CodeIgniter.php(499): CodeIgniter\CodeIgniter->runController(Object(App\Controllers\Clientes))
 6 SYSTEMPATH\CodeIgniter.php(368): CodeIgniter\CodeIgniter->handleRequest(null, Object(Config\Cache), false)
 7 FCPATH\index.php(67): CodeIgniter\CodeIgniter->run()
CRITICAL - 2023-03-14 01:38:43 --> Undefined property: App\Controllers\Clientes::$unidades
in APPPATH\Controllers\Clientes.php on line 88.
 1 APPPATH\Controllers\Clientes.php(88): CodeIgniter\Debug\Exceptions->errorHandler(2, 'Undefined property: App\\Controllers\\Clientes::$unidades', 'APPPATH\\Controllers\\Clientes.php', 88)
 2 SYSTEMPATH\CodeIgniter.php(934): App\Controllers\Clientes->nuevo()
 3 SYSTEMPATH\CodeIgniter.php(499): CodeIgniter\CodeIgniter->runController(Object(App\Controllers\Clientes))
 4 SYSTEMPATH\CodeIgniter.php(368): CodeIgniter\CodeIgniter->handleRequest(null, Object(Config\Cache), false)
 5 FCPATH\index.php(67): CodeIgniter\CodeIgniter->run()
CRITICAL - 2023-03-14 01:39:24 --> Undefined property: App\Controllers\Clientes::$unidades
in APPPATH\Controllers\Clientes.php on line 82.
 1 APPPATH\Controllers\Clientes.php(82): CodeIgniter\Debug\Exceptions->errorHandler(2, 'Undefined property: App\\Controllers\\Clientes::$unidades', 'APPPATH\\Controllers\\Clientes.php', 82)
 2 SYSTEMPATH\CodeIgniter.php(934): App\Controllers\Clientes->nuevo()
 3 SYSTEMPATH\CodeIgniter.php(499): CodeIgniter\CodeIgniter->runController(Object(App\Controllers\Clientes))
 4 SYSTEMPATH\CodeIgniter.php(368): CodeIgniter\CodeIgniter->handleRequest(null, Object(Config\Cache), false)
 5 FCPATH\index.php(67): CodeIgniter\CodeIgniter->run()
CRITICAL - 2023-03-14 01:39:51 --> Undefined property: App\Controllers\Clientes::$unidades
in APPPATH\Controllers\Clientes.php on line 82.
 1 APPPATH\Controllers\Clientes.php(82): CodeIgniter\Debug\Exceptions->errorHandler(2, 'Undefined property: App\\Controllers\\Clientes::$unidades', 'APPPATH\\Controllers\\Clientes.php', 82)
 2 SYSTEMPATH\CodeIgniter.php(934): App\Controllers\Clientes->nuevo()
 3 SYSTEMPATH\CodeIgniter.php(499): CodeIgniter\CodeIgniter->runController(Object(App\Controllers\Clientes))
 4 SYSTEMPATH\CodeIgniter.php(368): CodeIgniter\CodeIgniter->handleRequest(null, Object(Config\Cache), false)
 5 FCPATH\index.php(67): CodeIgniter\CodeIgniter->run()
CRITICAL - 2023-03-14 01:39:53 --> Undefined property: App\Controllers\Clientes::$unidades
in APPPATH\Controllers\Clientes.php on line 82.
 1 APPPATH\Controllers\Clientes.php(82): CodeIgniter\Debug\Exceptions->errorHandler(2, 'Undefined property: App\\Controllers\\Clientes::$unidades', 'APPPATH\\Controllers\\Clientes.php', 82)
 2 SYSTEMPATH\CodeIgniter.php(934): App\Controllers\Clientes->nuevo()
 3 SYSTEMPATH\CodeIgniter.php(499): CodeIgniter\CodeIgniter->runController(Object(App\Controllers\Clientes))
 4 SYSTEMPATH\CodeIgniter.php(368): CodeIgniter\CodeIgniter->handleRequest(null, Object(Config\Cache), false)
 5 FCPATH\index.php(67): CodeIgniter\CodeIgniter->run()
CRITICAL - 2023-03-14 01:40:04 --> Undefined property: App\Controllers\Clientes::$unidades
in APPPATH\Controllers\Clientes.php on line 82.
 1 APPPATH\Controllers\Clientes.php(82): CodeIgniter\Debug\Exceptions->errorHandler(2, 'Undefined property: App\\Controllers\\Clientes::$unidades', 'APPPATH\\Controllers\\Clientes.php', 82)
 2 SYSTEMPATH\CodeIgniter.php(934): App\Controllers\Clientes->nuevo()
 3 SYSTEMPATH\CodeIgniter.php(499): CodeIgniter\CodeIgniter->runController(Object(App\Controllers\Clientes))
 4 SYSTEMPATH\CodeIgniter.php(368): CodeIgniter\CodeIgniter->handleRequest(null, Object(Config\Cache), false)
 5 FCPATH\index.php(67): CodeIgniter\CodeIgniter->run()
CRITICAL - 2023-03-14 01:40:15 --> Undefined property: App\Controllers\Clientes::$unidades
in APPPATH\Controllers\Clientes.php on line 82.
 1 APPPATH\Controllers\Clientes.php(82): CodeIgniter\Debug\Exceptions->errorHandler(2, 'Undefined property: App\\Controllers\\Clientes::$unidades', 'APPPATH\\Controllers\\Clientes.php', 82)
 2 SYSTEMPATH\CodeIgniter.php(934): App\Controllers\Clientes->nuevo()
 3 SYSTEMPATH\CodeIgniter.php(499): CodeIgniter\CodeIgniter->runController(Object(App\Controllers\Clientes))
 4 SYSTEMPATH\CodeIgniter.php(368): CodeIgniter\CodeIgniter->handleRequest(null, Object(Config\Cache), false)
 5 FCPATH\index.php(67): CodeIgniter\CodeIgniter->run()
CRITICAL - 2023-03-14 01:40:28 --> Undefined property: App\Controllers\Clientes::$unidades
in APPPATH\Controllers\Clientes.php on line 65.
 1 APPPATH\Controllers\Clientes.php(65): CodeIgniter\Debug\Exceptions->errorHandler(2, 'Undefined property: App\\Controllers\\Clientes::$unidades', 'APPPATH\\Controllers\\Clientes.php', 65)
 2 SYSTEMPATH\CodeIgniter.php(934): App\Controllers\Clientes->nuevo()
 3 SYSTEMPATH\CodeIgniter.php(499): CodeIgniter\CodeIgniter->runController(Object(App\Controllers\Clientes))
 4 SYSTEMPATH\CodeIgniter.php(368): CodeIgniter\CodeIgniter->handleRequest(null, Object(Config\Cache), false)
 5 FCPATH\index.php(67): CodeIgniter\CodeIgniter->run()
CRITICAL - 2023-03-14 01:40:33 --> Undefined property: App\Controllers\Clientes::$unidades
in APPPATH\Controllers\Clientes.php on line 64.
 1 APPPATH\Controllers\Clientes.php(64): CodeIgniter\Debug\Exceptions->errorHandler(2, 'Undefined property: App\\Controllers\\Clientes::$unidades', 'APPPATH\\Controllers\\Clientes.php', 64)
 2 SYSTEMPATH\CodeIgniter.php(934): App\Controllers\Clientes->nuevo()
 3 SYSTEMPATH\CodeIgniter.php(499): CodeIgniter\CodeIgniter->runController(Object(App\Controllers\Clientes))
 4 SYSTEMPATH\CodeIgniter.php(368): CodeIgniter\CodeIgniter->handleRequest(null, Object(Config\Cache), false)
 5 FCPATH\index.php(67): CodeIgniter\CodeIgniter->run()
CRITICAL - 2023-03-14 01:40:43 --> Undefined property: App\Controllers\Clientes::$unidades
in APPPATH\Controllers\Clientes.php on line 63.
 1 APPPATH\Controllers\Clientes.php(63): CodeIgniter\Debug\Exceptions->errorHandler(2, 'Undefined property: App\\Controllers\\Clientes::$unidades', 'APPPATH\\Controllers\\Clientes.php', 63)
 2 SYSTEMPATH\CodeIgniter.php(934): App\Controllers\Clientes->nuevo()
 3 SYSTEMPATH\CodeIgniter.php(499): CodeIgniter\CodeIgniter->runController(Object(App\Controllers\Clientes))
 4 SYSTEMPATH\CodeIgniter.php(368): CodeIgniter\CodeIgniter->handleRequest(null, Object(Config\Cache), false)
 5 FCPATH\index.php(67): CodeIgniter\CodeIgniter->run()
CRITICAL - 2023-03-14 01:41:41 --> Undefined property: App\Controllers\Clientes::$categorias
in APPPATH\Controllers\Clientes.php on line 64.
 1 APPPATH\Controllers\Clientes.php(64): CodeIgniter\Debug\Exceptions->errorHandler(2, 'Undefined property: App\\Controllers\\Clientes::$categorias', 'APPPATH\\Controllers\\Clientes.php', 64)
 2 SYSTEMPATH\CodeIgniter.php(934): App\Controllers\Clientes->nuevo()
 3 SYSTEMPATH\CodeIgniter.php(499): CodeIgniter\CodeIgniter->runController(Object(App\Controllers\Clientes))
 4 SYSTEMPATH\CodeIgniter.php(368): CodeIgniter\CodeIgniter->handleRequest(null, Object(Config\Cache), false)
 5 FCPATH\index.php(67): CodeIgniter\CodeIgniter->run()
CRITICAL - 2023-03-14 01:41:47 --> Undefined property: App\Controllers\Clientes::$categorias
in APPPATH\Controllers\Clientes.php on line 63.
 1 APPPATH\Controllers\Clientes.php(63): CodeIgniter\Debug\Exceptions->errorHandler(2, 'Undefined property: App\\Controllers\\Clientes::$categorias', 'APPPATH\\Controllers\\Clientes.php', 63)
 2 SYSTEMPATH\CodeIgniter.php(934): App\Controllers\Clientes->nuevo()
 3 SYSTEMPATH\CodeIgniter.php(499): CodeIgniter\CodeIgniter->runController(Object(App\Controllers\Clientes))
 4 SYSTEMPATH\CodeIgniter.php(368): CodeIgniter\CodeIgniter->handleRequest(null, Object(Config\Cache), false)
 5 FCPATH\index.php(67): CodeIgniter\CodeIgniter->run()
CRITICAL - 2023-03-14 01:41:49 --> Undefined property: App\Controllers\Clientes::$categorias
in APPPATH\Controllers\Clientes.php on line 63.
 1 APPPATH\Controllers\Clientes.php(63): CodeIgniter\Debug\Exceptions->errorHandler(2, 'Undefined property: App\\Controllers\\Clientes::$categorias', 'APPPATH\\Controllers\\Clientes.php', 63)
 2 SYSTEMPATH\CodeIgniter.php(934): App\Controllers\Clientes->nuevo()
 3 SYSTEMPATH\CodeIgniter.php(499): CodeIgniter\CodeIgniter->runController(Object(App\Controllers\Clientes))
 4 SYSTEMPATH\CodeIgniter.php(368): CodeIgniter\CodeIgniter->handleRequest(null, Object(Config\Cache), false)
 5 FCPATH\index.php(67): CodeIgniter\CodeIgniter->run()
CRITICAL - 2023-03-14 01:41:55 --> Undefined property: App\Controllers\Clientes::$categorias
in APPPATH\Controllers\Clientes.php on line 63.
 1 APPPATH\Controllers\Clientes.php(63): CodeIgniter\Debug\Exceptions->errorHandler(2, 'Undefined property: App\\Controllers\\Clientes::$categorias', 'APPPATH\\Controllers\\Clientes.php', 63)
 2 SYSTEMPATH\CodeIgniter.php(934): App\Controllers\Clientes->nuevo()
 3 SYSTEMPATH\CodeIgniter.php(499): CodeIgniter\CodeIgniter->runController(Object(App\Controllers\Clientes))
 4 SYSTEMPATH\CodeIgniter.php(368): CodeIgniter\CodeIgniter->handleRequest(null, Object(Config\Cache), false)
 5 FCPATH\index.php(67): CodeIgniter\CodeIgniter->run()
CRITICAL - 2023-03-14 01:42:01 --> syntax error, unexpected token "->", expecting identifier or variable or "{" or "$"
in APPPATH\Controllers\Clientes.php on line 63.
 1 SYSTEMPATH\Autoloader\Autoloader.php(289): CodeIgniter\Autoloader\Autoloader->includeFile('APPPATH\\Controllers\\Clientes.php')
 2 SYSTEMPATH\Autoloader\Autoloader.php(267): CodeIgniter\Autoloader\Autoloader->loadInNamespace('App\\Controllers\\Clientes')
 3 [internal function]: CodeIgniter\Autoloader\Autoloader->loadClass('App\\Controllers\\Clientes')
 4 SYSTEMPATH\CodeIgniter.php(892): class_exists('\\App\\Controllers\\Clientes', true)
 5 SYSTEMPATH\CodeIgniter.php(486): CodeIgniter\CodeIgniter->startController()
 6 SYSTEMPATH\CodeIgniter.php(368): CodeIgniter\CodeIgniter->handleRequest(null, Object(Config\Cache), false)
 7 FCPATH\index.php(67): CodeIgniter\CodeIgniter->run()
CRITICAL - 2023-03-14 01:42:04 --> Undefined variable $unidades
in APPPATH\Controllers\Clientes.php on line 64.
 1 APPPATH\Controllers\Clientes.php(64): CodeIgniter\Debug\Exceptions->errorHandler(2, 'Undefined variable $unidades', 'APPPATH\\Controllers\\Clientes.php', 64)
 2 SYSTEMPATH\CodeIgniter.php(934): App\Controllers\Clientes->nuevo()
 3 SYSTEMPATH\CodeIgniter.php(499): CodeIgniter\CodeIgniter->runController(Object(App\Controllers\Clientes))
 4 SYSTEMPATH\CodeIgniter.php(368): CodeIgniter\CodeIgniter->handleRequest(null, Object(Config\Cache), false)
 5 FCPATH\index.php(67): CodeIgniter\CodeIgniter->run()
CRITICAL - 2023-03-14 01:42:15 --> Undefined variable $unidades
in APPPATH\Controllers\Clientes.php on line 64.
 1 APPPATH\Controllers\Clientes.php(64): CodeIgniter\Debug\Exceptions->errorHandler(2, 'Undefined variable $unidades', 'APPPATH\\Controllers\\Clientes.php', 64)
 2 SYSTEMPATH\CodeIgniter.php(934): App\Controllers\Clientes->nuevo()
 3 SYSTEMPATH\CodeIgniter.php(499): CodeIgniter\CodeIgniter->runController(Object(App\Controllers\Clientes))
 4 SYSTEMPATH\CodeIgniter.php(368): CodeIgniter\CodeIgniter->handleRequest(null, Object(Config\Cache), false)
 5 FCPATH\index.php(67): CodeIgniter\CodeIgniter->run()
CRITICAL - 2023-03-14 01:42:17 --> Undefined variable $unidades
in APPPATH\Controllers\Clientes.php on line 64.
 1 APPPATH\Controllers\Clientes.php(64): CodeIgniter\Debug\Exceptions->errorHandler(2, 'Undefined variable $unidades', 'APPPATH\\Controllers\\Clientes.php', 64)
 2 SYSTEMPATH\CodeIgniter.php(934): App\Controllers\Clientes->nuevo()
 3 SYSTEMPATH\CodeIgniter.php(499): CodeIgniter\CodeIgniter->runController(Object(App\Controllers\Clientes))
 4 SYSTEMPATH\CodeIgniter.php(368): CodeIgniter\CodeIgniter->handleRequest(null, Object(Config\Cache), false)
 5 FCPATH\index.php(67): CodeIgniter\CodeIgniter->run()
CRITICAL - 2023-03-14 01:42:22 --> Undefined variable $c
in APPPATH\Controllers\Clientes.php on line 64.
 1 APPPATH\Controllers\Clientes.php(64): CodeIgniter\Debug\Exceptions->errorHandler(2, 'Undefined variable $c', 'APPPATH\\Controllers\\Clientes.php', 64)
 2 SYSTEMPATH\CodeIgniter.php(934): App\Controllers\Clientes->nuevo()
 3 SYSTEMPATH\CodeIgniter.php(499): CodeIgniter\CodeIgniter->runController(Object(App\Controllers\Clientes))
 4 SYSTEMPATH\CodeIgniter.php(368): CodeIgniter\CodeIgniter->handleRequest(null, Object(Config\Cache), false)
 5 FCPATH\index.php(67): CodeIgniter\CodeIgniter->run()
CRITICAL - 2023-03-14 01:42:24 --> Undefined variable $categorias
in APPPATH\Controllers\Clientes.php on line 64.
 1 APPPATH\Controllers\Clientes.php(64): CodeIgniter\Debug\Exceptions->errorHandler(2, 'Undefined variable $categorias', 'APPPATH\\Controllers\\Clientes.php', 64)
 2 SYSTEMPATH\CodeIgniter.php(934): App\Controllers\Clientes->nuevo()
 3 SYSTEMPATH\CodeIgniter.php(499): CodeIgniter\CodeIgniter->runController(Object(App\Controllers\Clientes))
 4 SYSTEMPATH\CodeIgniter.php(368): CodeIgniter\CodeIgniter->handleRequest(null, Object(Config\Cache), false)
 5 FCPATH\index.php(67): CodeIgniter\CodeIgniter->run()
CRITICAL - 2023-03-14 01:42:39 --> Undefined variable $categorias
in APPPATH\Controllers\Clientes.php on line 64.
 1 APPPATH\Controllers\Clientes.php(64): CodeIgniter\Debug\Exceptions->errorHandler(2, 'Undefined variable $categorias', 'APPPATH\\Controllers\\Clientes.php', 64)
 2 SYSTEMPATH\CodeIgniter.php(934): App\Controllers\Clientes->nuevo()
 3 SYSTEMPATH\CodeIgniter.php(499): CodeIgniter\CodeIgniter->runController(Object(App\Controllers\Clientes))
 4 SYSTEMPATH\CodeIgniter.php(368): CodeIgniter\CodeIgniter->handleRequest(null, Object(Config\Cache), false)
 5 FCPATH\index.php(67): CodeIgniter\CodeIgniter->run()
CRITICAL - 2023-03-14 01:42:43 --> Undefined variable $categorias
in APPPATH\Controllers\Clientes.php on line 64.
 1 APPPATH\Controllers\Clientes.php(64): CodeIgniter\Debug\Exceptions->errorHandler(2, 'Undefined variable $categorias', 'APPPATH\\Controllers\\Clientes.php', 64)
 2 SYSTEMPATH\CodeIgniter.php(934): App\Controllers\Clientes->nuevo()
 3 SYSTEMPATH\CodeIgniter.php(499): CodeIgniter\CodeIgniter->runController(Object(App\Controllers\Clientes))
 4 SYSTEMPATH\CodeIgniter.php(368): CodeIgniter\CodeIgniter->handleRequest(null, Object(Config\Cache), false)
 5 FCPATH\index.php(67): CodeIgniter\CodeIgniter->run()
CRITICAL - 2023-03-14 01:42:44 --> Undefined variable $categorias
in APPPATH\Controllers\Clientes.php on line 64.
 1 APPPATH\Controllers\Clientes.php(64): CodeIgniter\Debug\Exceptions->errorHandler(2, 'Undefined variable $categorias', 'APPPATH\\Controllers\\Clientes.php', 64)
 2 SYSTEMPATH\CodeIgniter.php(934): App\Controllers\Clientes->nuevo()
 3 SYSTEMPATH\CodeIgniter.php(499): CodeIgniter\CodeIgniter->runController(Object(App\Controllers\Clientes))
 4 SYSTEMPATH\CodeIgniter.php(368): CodeIgniter\CodeIgniter->handleRequest(null, Object(Config\Cache), false)
 5 FCPATH\index.php(67): CodeIgniter\CodeIgniter->run()
CRITICAL - 2023-03-14 01:42:57 --> syntax error, unexpected token ",", expecting variable or "{" or "$"
in APPPATH\Controllers\Clientes.php on line 64.
 1 SYSTEMPATH\Autoloader\Autoloader.php(289): CodeIgniter\Autoloader\Autoloader->includeFile('APPPATH\\Controllers\\Clientes.php')
 2 SYSTEMPATH\Autoloader\Autoloader.php(267): CodeIgniter\Autoloader\Autoloader->loadInNamespace('App\\Controllers\\Clientes')
 3 [internal function]: CodeIgniter\Autoloader\Autoloader->loadClass('App\\Controllers\\Clientes')
 4 SYSTEMPATH\CodeIgniter.php(892): class_exists('\\App\\Controllers\\Clientes', true)
 5 SYSTEMPATH\CodeIgniter.php(486): CodeIgniter\CodeIgniter->startController()
 6 SYSTEMPATH\CodeIgniter.php(368): CodeIgniter\CodeIgniter->handleRequest(null, Object(Config\Cache), false)
 7 FCPATH\index.php(67): CodeIgniter\CodeIgniter->run()
CRITICAL - 2023-03-14 01:43:00 --> Undefined variable $nombre
in APPPATH\Controllers\Clientes.php on line 64.
 1 APPPATH\Controllers\Clientes.php(64): CodeIgniter\Debug\Exceptions->errorHandler(2, 'Undefined variable $nombre', 'APPPATH\\Controllers\\Clientes.php', 64)
 2 SYSTEMPATH\CodeIgniter.php(934): App\Controllers\Clientes->nuevo()
 3 SYSTEMPATH\CodeIgniter.php(499): CodeIgniter\CodeIgniter->runController(Object(App\Controllers\Clientes))
 4 SYSTEMPATH\CodeIgniter.php(368): CodeIgniter\CodeIgniter->handleRequest(null, Object(Config\Cache), false)
 5 FCPATH\index.php(67): CodeIgniter\CodeIgniter->run()
CRITICAL - 2023-03-14 01:46:32 --> Undefined variable $nombre
in APPPATH\Controllers\Clientes.php on line 64.
 1 APPPATH\Controllers\Clientes.php(64): CodeIgniter\Debug\Exceptions->errorHandler(2, 'Undefined variable $nombre', 'APPPATH\\Controllers\\Clientes.php', 64)
 2 SYSTEMPATH\CodeIgniter.php(934): App\Controllers\Clientes->nuevo()
 3 SYSTEMPATH\CodeIgniter.php(499): CodeIgniter\CodeIgniter->runController(Object(App\Controllers\Clientes))
 4 SYSTEMPATH\CodeIgniter.php(368): CodeIgniter\CodeIgniter->handleRequest(null, Object(Config\Cache), false)
 5 FCPATH\index.php(67): CodeIgniter\CodeIgniter->run()
CRITICAL - 2023-03-14 01:46:34 --> Undefined variable $nombre
in APPPATH\Controllers\Clientes.php on line 64.
 1 APPPATH\Controllers\Clientes.php(64): CodeIgniter\Debug\Exceptions->errorHandler(2, 'Undefined variable $nombre', 'APPPATH\\Controllers\\Clientes.php', 64)
 2 SYSTEMPATH\CodeIgniter.php(934): App\Controllers\Clientes->nuevo()
 3 SYSTEMPATH\CodeIgniter.php(499): CodeIgniter\CodeIgniter->runController(Object(App\Controllers\Clientes))
 4 SYSTEMPATH\CodeIgniter.php(368): CodeIgniter\CodeIgniter->handleRequest(null, Object(Config\Cache), false)
 5 FCPATH\index.php(67): CodeIgniter\CodeIgniter->run()
CRITICAL - 2023-03-14 01:46:40 --> Undefined variable $c
in APPPATH\Controllers\Clientes.php on line 64.
 1 APPPATH\Controllers\Clientes.php(64): CodeIgniter\Debug\Exceptions->errorHandler(2, 'Undefined variable $c', 'APPPATH\\Controllers\\Clientes.php', 64)
 2 SYSTEMPATH\CodeIgniter.php(934): App\Controllers\Clientes->nuevo()
 3 SYSTEMPATH\CodeIgniter.php(499): CodeIgniter\CodeIgniter->runController(Object(App\Controllers\Clientes))
 4 SYSTEMPATH\CodeIgniter.php(368): CodeIgniter\CodeIgniter->handleRequest(null, Object(Config\Cache), false)
 5 FCPATH\index.php(67): CodeIgniter\CodeIgniter->run()
CRITICAL - 2023-03-14 01:46:41 --> Undefined variable $cl
in APPPATH\Controllers\Clientes.php on line 64.
 1 APPPATH\Controllers\Clientes.php(64): CodeIgniter\Debug\Exceptions->errorHandler(2, 'Undefined variable $cl', 'APPPATH\\Controllers\\Clientes.php', 64)
 2 SYSTEMPATH\CodeIgniter.php(934): App\Controllers\Clientes->nuevo()
 3 SYSTEMPATH\CodeIgniter.php(499): CodeIgniter\CodeIgniter->runController(Object(App\Controllers\Clientes))
 4 SYSTEMPATH\CodeIgniter.php(368): CodeIgniter\CodeIgniter->handleRequest(null, Object(Config\Cache), false)
 5 FCPATH\index.php(67): CodeIgniter\CodeIgniter->run()
CRITICAL - 2023-03-14 01:46:43 --> Undefined variable $categorias
in APPPATH\Controllers\Clientes.php on line 64.
 1 APPPATH\Controllers\Clientes.php(64): CodeIgniter\Debug\Exceptions->errorHandler(2, 'Undefined variable $categorias', 'APPPATH\\Controllers\\Clientes.php', 64)
 2 SYSTEMPATH\CodeIgniter.php(934): App\Controllers\Clientes->nuevo()
 3 SYSTEMPATH\CodeIgniter.php(499): CodeIgniter\CodeIgniter->runController(Object(App\Controllers\Clientes))
 4 SYSTEMPATH\CodeIgniter.php(368): CodeIgniter\CodeIgniter->handleRequest(null, Object(Config\Cache), false)
 5 FCPATH\index.php(67): CodeIgniter\CodeIgniter->run()
CRITICAL - 2023-03-14 01:52:57 --> syntax error, unexpected identifier "validation", expecting "]"
in APPPATH\Controllers\Clientes.php on line 85.
 1 SYSTEMPATH\Autoloader\Autoloader.php(289): CodeIgniter\Autoloader\Autoloader->includeFile('APPPATH\\Controllers\\Clientes.php')
 2 SYSTEMPATH\Autoloader\Autoloader.php(267): CodeIgniter\Autoloader\Autoloader->loadInNamespace('App\\Controllers\\Clientes')
 3 [internal function]: CodeIgniter\Autoloader\Autoloader->loadClass('App\\Controllers\\Clientes')
 4 SYSTEMPATH\CodeIgniter.php(892): class_exists('\\App\\Controllers\\Clientes', true)
 5 SYSTEMPATH\CodeIgniter.php(486): CodeIgniter\CodeIgniter->startController()
 6 SYSTEMPATH\CodeIgniter.php(368): CodeIgniter\CodeIgniter->handleRequest(null, Object(Config\Cache), false)
 7 FCPATH\index.php(67): CodeIgniter\CodeIgniter->run()
CRITICAL - 2023-03-14 01:52:58 --> syntax error, unexpected token "=>", expecting "]"
in APPPATH\Controllers\Clientes.php on line 85.
 1 SYSTEMPATH\Autoloader\Autoloader.php(289): CodeIgniter\Autoloader\Autoloader->includeFile('APPPATH\\Controllers\\Clientes.php')
 2 SYSTEMPATH\Autoloader\Autoloader.php(267): CodeIgniter\Autoloader\Autoloader->loadInNamespace('App\\Controllers\\Clientes')
 3 [internal function]: CodeIgniter\Autoloader\Autoloader->loadClass('App\\Controllers\\Clientes')
 4 SYSTEMPATH\CodeIgniter.php(892): class_exists('\\App\\Controllers\\Clientes', true)
 5 SYSTEMPATH\CodeIgniter.php(486): CodeIgniter\CodeIgniter->startController()
 6 SYSTEMPATH\CodeIgniter.php(368): CodeIgniter\CodeIgniter->handleRequest(null, Object(Config\Cache), false)
 7 FCPATH\index.php(67): CodeIgniter\CodeIgniter->run()
CRITICAL - 2023-03-14 01:53:01 --> syntax error, unexpected token "=>", expecting "]"
in APPPATH\Controllers\Clientes.php on line 85.
 1 SYSTEMPATH\Autoloader\Autoloader.php(289): CodeIgniter\Autoloader\Autoloader->includeFile('APPPATH\\Controllers\\Clientes.php')
 2 SYSTEMPATH\Autoloader\Autoloader.php(267): CodeIgniter\Autoloader\Autoloader->loadInNamespace('App\\Controllers\\Clientes')
 3 [internal function]: CodeIgniter\Autoloader\Autoloader->loadClass('App\\Controllers\\Clientes')
 4 SYSTEMPATH\CodeIgniter.php(892): class_exists('\\App\\Controllers\\Clientes', true)
 5 SYSTEMPATH\CodeIgniter.php(486): CodeIgniter\CodeIgniter->startController()
 6 SYSTEMPATH\CodeIgniter.php(368): CodeIgniter\CodeIgniter->handleRequest(null, Object(Config\Cache), false)
 7 FCPATH\index.php(67): CodeIgniter\CodeIgniter->run()
CRITICAL - 2023-03-14 01:53:49 --> syntax error, unexpected token "=>", expecting "]"
in APPPATH\Controllers\Clientes.php on line 85.
 1 SYSTEMPATH\Autoloader\Autoloader.php(289): CodeIgniter\Autoloader\Autoloader->includeFile('APPPATH\\Controllers\\Clientes.php')
 2 SYSTEMPATH\Autoloader\Autoloader.php(267): CodeIgniter\Autoloader\Autoloader->loadInNamespace('App\\Controllers\\Clientes')
 3 [internal function]: CodeIgniter\Autoloader\Autoloader->loadClass('App\\Controllers\\Clientes')
 4 SYSTEMPATH\CodeIgniter.php(892): class_exists('\\App\\Controllers\\Clientes', true)
 5 SYSTEMPATH\CodeIgniter.php(486): CodeIgniter\CodeIgniter->startController()
 6 SYSTEMPATH\CodeIgniter.php(368): CodeIgniter\CodeIgniter->handleRequest(null, Object(Config\Cache), false)
 7 FCPATH\index.php(67): CodeIgniter\CodeIgniter->run()
CRITICAL - 2023-03-14 01:55:21 --> syntax error, unexpected token ",", expecting variable or "{" or "$"
in APPPATH\Controllers\Clientes.php on line 96.
 1 SYSTEMPATH\Autoloader\Autoloader.php(289): CodeIgniter\Autoloader\Autoloader->includeFile('APPPATH\\Controllers\\Clientes.php')
 2 SYSTEMPATH\Autoloader\Autoloader.php(267): CodeIgniter\Autoloader\Autoloader->loadInNamespace('App\\Controllers\\Clientes')
 3 [internal function]: CodeIgniter\Autoloader\Autoloader->loadClass('App\\Controllers\\Clientes')
 4 SYSTEMPATH\CodeIgniter.php(892): class_exists('\\App\\Controllers\\Clientes', true)
 5 SYSTEMPATH\CodeIgniter.php(486): CodeIgniter\CodeIgniter->startController()
 6 SYSTEMPATH\CodeIgniter.php(368): CodeIgniter\CodeIgniter->handleRequest(null, Object(Config\Cache), false)
 7 FCPATH\index.php(67): CodeIgniter\CodeIgniter->run()
CRITICAL - 2023-03-14 02:04:27 --> Undefined variable $producto
in APPPATH\Views\clientes\editar.php on line 11.
 1 APPPATH\Views\clientes\editar.php(11): CodeIgniter\Debug\Exceptions->errorHandler(2, 'Undefined variable $producto', 'APPPATH\\Views\\clientes\\editar.php', 11)
 2 SYSTEMPATH\View\View.php(213): include('APPPATH\\Views\\clientes\\editar.php')
 3 SYSTEMPATH\View\View.php(216): CodeIgniter\View\View->CodeIgniter\View\{closure}()
 4 SYSTEMPATH\Common.php(1184): CodeIgniter\View\View->render('clientes/editar', [], true)
 5 APPPATH\Controllers\Clientes.php(98): view('clientes/editar', [...])
 6 SYSTEMPATH\CodeIgniter.php(934): App\Controllers\Clientes->editar('1')
 7 SYSTEMPATH\CodeIgniter.php(499): CodeIgniter\CodeIgniter->runController(Object(App\Controllers\Clientes))
 8 SYSTEMPATH\CodeIgniter.php(368): CodeIgniter\CodeIgniter->handleRequest(null, Object(Config\Cache), false)
 9 FCPATH\index.php(67): CodeIgniter\CodeIgniter->run()
CRITICAL - 2023-03-14 02:04:52 --> Undefined variable $producto
in APPPATH\Views\clientes\editar.php on line 11.
 1 APPPATH\Views\clientes\editar.php(11): CodeIgniter\Debug\Exceptions->errorHandler(2, 'Undefined variable $producto', 'APPPATH\\Views\\clientes\\editar.php', 11)
 2 SYSTEMPATH\View\View.php(213): include('APPPATH\\Views\\clientes\\editar.php')
 3 SYSTEMPATH\View\View.php(216): CodeIgniter\View\View->CodeIgniter\View\{closure}()
 4 SYSTEMPATH\Common.php(1184): CodeIgniter\View\View->render('clientes/editar', [], true)
 5 APPPATH\Controllers\Clientes.php(98): view('clientes/editar', [...])
 6 SYSTEMPATH\CodeIgniter.php(934): App\Controllers\Clientes->editar('1')
 7 SYSTEMPATH\CodeIgniter.php(499): CodeIgniter\CodeIgniter->runController(Object(App\Controllers\Clientes))
 8 SYSTEMPATH\CodeIgniter.php(368): CodeIgniter\CodeIgniter->handleRequest(null, Object(Config\Cache), false)
 9 FCPATH\index.php(67): CodeIgniter\CodeIgniter->run()
CRITICAL - 2023-03-14 02:12:04 --> Unmatched ')'
in APPPATH\Views\clientes\editar.php on line 27.
 1 SYSTEMPATH\View\View.php(216): CodeIgniter\View\View->CodeIgniter\View\{closure}()
 2 SYSTEMPATH\Common.php(1184): CodeIgniter\View\View->render('clientes/editar', [], true)
 3 APPPATH\Controllers\Clientes.php(98): view('clientes/editar', [...])
 4 SYSTEMPATH\CodeIgniter.php(934): App\Controllers\Clientes->editar('1')
 5 SYSTEMPATH\CodeIgniter.php(499): CodeIgniter\CodeIgniter->runController(Object(App\Controllers\Clientes))
 6 SYSTEMPATH\CodeIgniter.php(368): CodeIgniter\CodeIgniter->handleRequest(null, Object(Config\Cache), false)
 7 FCPATH\index.php(67): CodeIgniter\CodeIgniter->run()
CRITICAL - 2023-03-14 02:12:12 --> syntax error, unexpected single-quoted string "telefono", expecting "," or ";"
in APPPATH\Views\clientes\editar.php on line 27.
 1 SYSTEMPATH\View\View.php(216): CodeIgniter\View\View->CodeIgniter\View\{closure}()
 2 SYSTEMPATH\Common.php(1184): CodeIgniter\View\View->render('clientes/editar', [], true)
 3 APPPATH\Controllers\Clientes.php(98): view('clientes/editar', [...])
 4 SYSTEMPATH\CodeIgniter.php(934): App\Controllers\Clientes->editar('1')
 5 SYSTEMPATH\CodeIgniter.php(499): CodeIgniter\CodeIgniter->runController(Object(App\Controllers\Clientes))
 6 SYSTEMPATH\CodeIgniter.php(368): CodeIgniter\CodeIgniter->handleRequest(null, Object(Config\Cache), false)
 7 FCPATH\index.php(67): CodeIgniter\CodeIgniter->run()
CRITICAL - 2023-03-14 02:12:13 --> syntax error, unexpected single-quoted string "telefono", expecting "," or ";"
in APPPATH\Views\clientes\editar.php on line 27.
 1 SYSTEMPATH\View\View.php(216): CodeIgniter\View\View->CodeIgniter\View\{closure}()
 2 SYSTEMPATH\Common.php(1184): CodeIgniter\View\View->render('clientes/editar', [], true)
 3 APPPATH\Controllers\Clientes.php(98): view('clientes/editar', [...])
 4 SYSTEMPATH\CodeIgniter.php(934): App\Controllers\Clientes->editar('1')
 5 SYSTEMPATH\CodeIgniter.php(499): CodeIgniter\CodeIgniter->runController(Object(App\Controllers\Clientes))
 6 SYSTEMPATH\CodeIgniter.php(368): CodeIgniter\CodeIgniter->handleRequest(null, Object(Config\Cache), false)
 7 FCPATH\index.php(67): CodeIgniter\CodeIgniter->run()
CRITICAL - 2023-03-14 02:12:15 --> syntax error, unexpected single-quoted string "telefono", expecting "," or ";"
in APPPATH\Views\clientes\editar.php on line 27.
 1 SYSTEMPATH\View\View.php(216): CodeIgniter\View\View->CodeIgniter\View\{closure}()
 2 SYSTEMPATH\Common.php(1184): CodeIgniter\View\View->render('clientes/editar', [], true)
 3 APPPATH\Controllers\Clientes.php(98): view('clientes/editar', [...])
 4 SYSTEMPATH\CodeIgniter.php(934): App\Controllers\Clientes->editar('1')
 5 SYSTEMPATH\CodeIgniter.php(499): CodeIgniter\CodeIgniter->runController(Object(App\Controllers\Clientes))
 6 SYSTEMPATH\CodeIgniter.php(368): CodeIgniter\CodeIgniter->handleRequest(null, Object(Config\Cache), false)
 7 FCPATH\index.php(67): CodeIgniter\CodeIgniter->run()
CRITICAL - 2023-03-14 02:12:20 --> syntax error, unexpected single-quoted string "?>" required />", expecting "," or ";"
in APPPATH\Views\clientes\editar.php on line 31.
 1 SYSTEMPATH\View\View.php(216): CodeIgniter\View\View->CodeIgniter\View\{closure}()
 2 SYSTEMPATH\Common.php(1184): CodeIgniter\View\View->render('clientes/editar', [], true)
 3 APPPATH\Controllers\Clientes.php(98): view('clientes/editar', [...])
 4 SYSTEMPATH\CodeIgniter.php(934): App\Controllers\Clientes->editar('1')
 5 SYSTEMPATH\CodeIgniter.php(499): CodeIgniter\CodeIgniter->runController(Object(App\Controllers\Clientes))
 6 SYSTEMPATH\CodeIgniter.php(368): CodeIgniter\CodeIgniter->handleRequest(null, Object(Config\Cache), false)
 7 FCPATH\index.php(67): CodeIgniter\CodeIgniter->run()
CRITICAL - 2023-03-14 02:12:24 --> syntax error, unexpected identifier "correo", expecting "," or ";"
in APPPATH\Views\clientes\editar.php on line 31.
 1 SYSTEMPATH\View\View.php(216): CodeIgniter\View\View->CodeIgniter\View\{closure}()
 2 SYSTEMPATH\Common.php(1184): CodeIgniter\View\View->render('clientes/editar', [], true)
 3 APPPATH\Controllers\Clientes.php(98): view('clientes/editar', [...])
 4 SYSTEMPATH\CodeIgniter.php(934): App\Controllers\Clientes->editar('1')
 5 SYSTEMPATH\CodeIgniter.php(499): CodeIgniter\CodeIgniter->runController(Object(App\Controllers\Clientes))
 6 SYSTEMPATH\CodeIgniter.php(368): CodeIgniter\CodeIgniter->handleRequest(null, Object(Config\Cache), false)
 7 FCPATH\index.php(67): CodeIgniter\CodeIgniter->run()
CRITICAL - 2023-03-14 02:12:47 --> syntax error, unexpected identifier "correo", expecting "," or ";"
in APPPATH\Views\clientes\editar.php on line 31.
 1 SYSTEMPATH\View\View.php(216): CodeIgniter\View\View->CodeIgniter\View\{closure}()
 2 SYSTEMPATH\Common.php(1184): CodeIgniter\View\View->render('clientes/editar', [], true)
 3 APPPATH\Controllers\Clientes.php(98): view('clientes/editar', [...])
 4 SYSTEMPATH\CodeIgniter.php(934): App\Controllers\Clientes->editar('1')
 5 SYSTEMPATH\CodeIgniter.php(499): CodeIgniter\CodeIgniter->runController(Object(App\Controllers\Clientes))
 6 SYSTEMPATH\CodeIgniter.php(368): CodeIgniter\CodeIgniter->handleRequest(null, Object(Config\Cache), false)
 7 FCPATH\index.php(67): CodeIgniter\CodeIgniter->run()
CRITICAL - 2023-03-14 02:12:49 --> syntax error, unexpected identifier "correo", expecting "," or ";"
in APPPATH\Views\clientes\editar.php on line 31.
 1 SYSTEMPATH\View\View.php(216): CodeIgniter\View\View->CodeIgniter\View\{closure}()
 2 SYSTEMPATH\Common.php(1184): CodeIgniter\View\View->render('clientes/editar', [], true)
 3 APPPATH\Controllers\Clientes.php(98): view('clientes/editar', [...])
 4 SYSTEMPATH\CodeIgniter.php(934): App\Controllers\Clientes->editar('1')
 5 SYSTEMPATH\CodeIgniter.php(499): CodeIgniter\CodeIgniter->runController(Object(App\Controllers\Clientes))
 6 SYSTEMPATH\CodeIgniter.php(368): CodeIgniter\CodeIgniter->handleRequest(null, Object(Config\Cache), false)
 7 FCPATH\index.php(67): CodeIgniter\CodeIgniter->run()
CRITICAL - 2023-03-14 02:12:52 --> syntax error, unexpected identifier "correo", expecting "," or ";"
in APPPATH\Views\clientes\editar.php on line 31.
 1 SYSTEMPATH\View\View.php(216): CodeIgniter\View\View->CodeIgniter\View\{closure}()
 2 SYSTEMPATH\Common.php(1184): CodeIgniter\View\View->render('clientes/editar', [], true)
 3 APPPATH\Controllers\Clientes.php(98): view('clientes/editar', [...])
 4 SYSTEMPATH\CodeIgniter.php(934): App\Controllers\Clientes->editar('1')
 5 SYSTEMPATH\CodeIgniter.php(499): CodeIgniter\CodeIgniter->runController(Object(App\Controllers\Clientes))
 6 SYSTEMPATH\CodeIgniter.php(368): CodeIgniter\CodeIgniter->handleRequest(null, Object(Config\Cache), false)
 7 FCPATH\index.php(67): CodeIgniter\CodeIgniter->run()
CRITICAL - 2023-03-14 02:13:05 --> syntax error, unexpected identifier "correo", expecting "," or ";"
in APPPATH\Views\clientes\editar.php on line 31.
 1 SYSTEMPATH\View\View.php(216): CodeIgniter\View\View->CodeIgniter\View\{closure}()
 2 SYSTEMPATH\Common.php(1184): CodeIgniter\View\View->render('clientes/editar', [], true)
 3 APPPATH\Controllers\Clientes.php(98): view('clientes/editar', [...])
 4 SYSTEMPATH\CodeIgniter.php(934): App\Controllers\Clientes->editar('1')
 5 SYSTEMPATH\CodeIgniter.php(499): CodeIgniter\CodeIgniter->runController(Object(App\Controllers\Clientes))
 6 SYSTEMPATH\CodeIgniter.php(368): CodeIgniter\CodeIgniter->handleRequest(null, Object(Config\Cache), false)
 7 FCPATH\index.php(67): CodeIgniter\CodeIgniter->run()
CRITICAL - 2023-03-14 02:13:17 --> syntax error, unexpected identifier "correo", expecting "," or ";"
in APPPATH\Views\clientes\editar.php on line 31.
 1 SYSTEMPATH\View\View.php(216): CodeIgniter\View\View->CodeIgniter\View\{closure}()
 2 SYSTEMPATH\Common.php(1184): CodeIgniter\View\View->render('clientes/editar', [], true)
 3 APPPATH\Controllers\Clientes.php(98): view('clientes/editar', [...])
 4 SYSTEMPATH\CodeIgniter.php(934): App\Controllers\Clientes->editar('1')
 5 SYSTEMPATH\CodeIgniter.php(499): CodeIgniter\CodeIgniter->runController(Object(App\Controllers\Clientes))
 6 SYSTEMPATH\CodeIgniter.php(368): CodeIgniter\CodeIgniter->handleRequest(null, Object(Config\Cache), false)
 7 FCPATH\index.php(67): CodeIgniter\CodeIgniter->run()
CRITICAL - 2023-03-14 02:13:20 --> syntax error, unexpected identifier "correo", expecting "," or ";"
in APPPATH\Views\clientes\editar.php on line 31.
 1 SYSTEMPATH\View\View.php(216): CodeIgniter\View\View->CodeIgniter\View\{closure}()
 2 SYSTEMPATH\Common.php(1184): CodeIgniter\View\View->render('clientes/editar', [], true)
 3 APPPATH\Controllers\Clientes.php(98): view('clientes/editar', [...])
 4 SYSTEMPATH\CodeIgniter.php(934): App\Controllers\Clientes->editar('1')
 5 SYSTEMPATH\CodeIgniter.php(499): CodeIgniter\CodeIgniter->runController(Object(App\Controllers\Clientes))
 6 SYSTEMPATH\CodeIgniter.php(368): CodeIgniter\CodeIgniter->handleRequest(null, Object(Config\Cache), false)
 7 FCPATH\index.php(67): CodeIgniter\CodeIgniter->run()
CRITICAL - 2023-03-14 02:13:26 --> syntax error, unexpected identifier "correo", expecting "," or ";"
in APPPATH\Views\clientes\editar.php on line 31.
 1 SYSTEMPATH\View\View.php(216): CodeIgniter\View\View->CodeIgniter\View\{closure}()
 2 SYSTEMPATH\Common.php(1184): CodeIgniter\View\View->render('clientes/editar', [], true)
 3 APPPATH\Controllers\Clientes.php(98): view('clientes/editar', [...])
 4 SYSTEMPATH\CodeIgniter.php(934): App\Controllers\Clientes->editar('1')
 5 SYSTEMPATH\CodeIgniter.php(499): CodeIgniter\CodeIgniter->runController(Object(App\Controllers\Clientes))
 6 SYSTEMPATH\CodeIgniter.php(368): CodeIgniter\CodeIgniter->handleRequest(null, Object(Config\Cache), false)
 7 FCPATH\index.php(67): CodeIgniter\CodeIgniter->run()
CRITICAL - 2023-03-14 02:13:48 --> syntax error, unexpected identifier "correo", expecting "," or ";"
in APPPATH\Views\clientes\editar.php on line 31.
 1 SYSTEMPATH\View\View.php(216): CodeIgniter\View\View->CodeIgniter\View\{closure}()
 2 SYSTEMPATH\Common.php(1184): CodeIgniter\View\View->render('clientes/editar', [], true)
 3 APPPATH\Controllers\Clientes.php(98): view('clientes/editar', [...])
 4 SYSTEMPATH\CodeIgniter.php(934): App\Controllers\Clientes->editar('1')
 5 SYSTEMPATH\CodeIgniter.php(499): CodeIgniter\CodeIgniter->runController(Object(App\Controllers\Clientes))
 6 SYSTEMPATH\CodeIgniter.php(368): CodeIgniter\CodeIgniter->handleRequest(null, Object(Config\Cache), false)
 7 FCPATH\index.php(67): CodeIgniter\CodeIgniter->run()
CRITICAL - 2023-03-14 02:13:53 --> syntax error, unexpected identifier "correo", expecting "," or ";"
in APPPATH\Views\clientes\editar.php on line 31.
 1 SYSTEMPATH\View\View.php(216): CodeIgniter\View\View->CodeIgniter\View\{closure}()
 2 SYSTEMPATH\Common.php(1184): CodeIgniter\View\View->render('clientes/editar', [], true)
 3 APPPATH\Controllers\Clientes.php(98): view('clientes/editar', [...])
 4 SYSTEMPATH\CodeIgniter.php(934): App\Controllers\Clientes->editar('1')
 5 SYSTEMPATH\CodeIgniter.php(499): CodeIgniter\CodeIgniter->runController(Object(App\Controllers\Clientes))
 6 SYSTEMPATH\CodeIgniter.php(368): CodeIgniter\CodeIgniter->handleRequest(null, Object(Config\Cache), false)
 7 FCPATH\index.php(67): CodeIgniter\CodeIgniter->run()
CRITICAL - 2023-03-14 02:14:07 --> Undefined variable $datos
in APPPATH\Views\clientes\editar.php on line 27.
 1 APPPATH\Views\clientes\editar.php(27): CodeIgniter\Debug\Exceptions->errorHandler(2, 'Undefined variable $datos', 'APPPATH\\Views\\clientes\\editar.php', 27)
 2 SYSTEMPATH\View\View.php(213): include('APPPATH\\Views\\clientes\\editar.php')
 3 SYSTEMPATH\View\View.php(216): CodeIgniter\View\View->CodeIgniter\View\{closure}()
 4 SYSTEMPATH\Common.php(1184): CodeIgniter\View\View->render('clientes/editar', [], true)
 5 APPPATH\Controllers\Clientes.php(98): view('clientes/editar', [...])
 6 SYSTEMPATH\CodeIgniter.php(934): App\Controllers\Clientes->editar('1')
 7 SYSTEMPATH\CodeIgniter.php(499): CodeIgniter\CodeIgniter->runController(Object(App\Controllers\Clientes))
 8 SYSTEMPATH\CodeIgniter.php(368): CodeIgniter\CodeIgniter->handleRequest(null, Object(Config\Cache), false)
 9 FCPATH\index.php(67): CodeIgniter\CodeIgniter->run()
CRITICAL - 2023-03-14 02:14:23 --> Undefined variable $datos
in APPPATH\Views\clientes\editar.php on line 21.
 1 APPPATH\Views\clientes\editar.php(21): CodeIgniter\Debug\Exceptions->errorHandler(2, 'Undefined variable $datos', 'APPPATH\\Views\\clientes\\editar.php', 21)
 2 SYSTEMPATH\View\View.php(213): include('APPPATH\\Views\\clientes\\editar.php')
 3 SYSTEMPATH\View\View.php(216): CodeIgniter\View\View->CodeIgniter\View\{closure}()
 4 SYSTEMPATH\Common.php(1184): CodeIgniter\View\View->render('clientes/editar', [], true)
 5 APPPATH\Controllers\Clientes.php(98): view('clientes/editar', [...])
 6 SYSTEMPATH\CodeIgniter.php(934): App\Controllers\Clientes->editar('1')
 7 SYSTEMPATH\CodeIgniter.php(499): CodeIgniter\CodeIgniter->runController(Object(App\Controllers\Clientes))
 8 SYSTEMPATH\CodeIgniter.php(368): CodeIgniter\CodeIgniter->handleRequest(null, Object(Config\Cache), false)
 9 FCPATH\index.php(67): CodeIgniter\CodeIgniter->run()
CRITICAL - 2023-03-14 02:14:27 --> Undefined variable $datos
in APPPATH\Views\clientes\editar.php on line 21.
 1 APPPATH\Views\clientes\editar.php(21): CodeIgniter\Debug\Exceptions->errorHandler(2, 'Undefined variable $datos', 'APPPATH\\Views\\clientes\\editar.php', 21)
 2 SYSTEMPATH\View\View.php(213): include('APPPATH\\Views\\clientes\\editar.php')
 3 SYSTEMPATH\View\View.php(216): CodeIgniter\View\View->CodeIgniter\View\{closure}()
 4 SYSTEMPATH\Common.php(1184): CodeIgniter\View\View->render('clientes/editar', [], true)
 5 APPPATH\Controllers\Clientes.php(98): view('clientes/editar', [...])
 6 SYSTEMPATH\CodeIgniter.php(934): App\Controllers\Clientes->editar('1')
 7 SYSTEMPATH\CodeIgniter.php(499): CodeIgniter\CodeIgniter->runController(Object(App\Controllers\Clientes))
 8 SYSTEMPATH\CodeIgniter.php(368): CodeIgniter\CodeIgniter->handleRequest(null, Object(Config\Cache), false)
 9 FCPATH\index.php(67): CodeIgniter\CodeIgniter->run()
CRITICAL - 2023-03-14 02:14:30 --> Undefined variable $datos
in APPPATH\Views\clientes\editar.php on line 21.
 1 APPPATH\Views\clientes\editar.php(21): CodeIgniter\Debug\Exceptions->errorHandler(2, 'Undefined variable $datos', 'APPPATH\\Views\\clientes\\editar.php', 21)
 2 SYSTEMPATH\View\View.php(213): include('APPPATH\\Views\\clientes\\editar.php')
 3 SYSTEMPATH\View\View.php(216): CodeIgniter\View\View->CodeIgniter\View\{closure}()
 4 SYSTEMPATH\Common.php(1184): CodeIgniter\View\View->render('clientes/editar', [], true)
 5 APPPATH\Controllers\Clientes.php(98): view('clientes/editar', [...])
 6 SYSTEMPATH\CodeIgniter.php(934): App\Controllers\Clientes->editar('1')
 7 SYSTEMPATH\CodeIgniter.php(499): CodeIgniter\CodeIgniter->runController(Object(App\Controllers\Clientes))
 8 SYSTEMPATH\CodeIgniter.php(368): CodeIgniter\CodeIgniter->handleRequest(null, Object(Config\Cache), false)
 9 FCPATH\index.php(67): CodeIgniter\CodeIgniter->run()
CRITICAL - 2023-03-14 02:14:31 --> Undefined variable $datos
in APPPATH\Views\clientes\editar.php on line 21.
 1 APPPATH\Views\clientes\editar.php(21): CodeIgniter\Debug\Exceptions->errorHandler(2, 'Undefined variable $datos', 'APPPATH\\Views\\clientes\\editar.php', 21)
 2 SYSTEMPATH\View\View.php(213): include('APPPATH\\Views\\clientes\\editar.php')
 3 SYSTEMPATH\View\View.php(216): CodeIgniter\View\View->CodeIgniter\View\{closure}()
 4 SYSTEMPATH\Common.php(1184): CodeIgniter\View\View->render('clientes/editar', [], true)
 5 APPPATH\Controllers\Clientes.php(98): view('clientes/editar', [...])
 6 SYSTEMPATH\CodeIgniter.php(934): App\Controllers\Clientes->editar('1')
 7 SYSTEMPATH\CodeIgniter.php(499): CodeIgniter\CodeIgniter->runController(Object(App\Controllers\Clientes))
 8 SYSTEMPATH\CodeIgniter.php(368): CodeIgniter\CodeIgniter->handleRequest(null, Object(Config\Cache), false)
 9 FCPATH\index.php(67): CodeIgniter\CodeIgniter->run()
CRITICAL - 2023-03-14 02:14:38 --> Undefined variable $datos
in APPPATH\Views\clientes\editar.php on line 21.
 1 APPPATH\Views\clientes\editar.php(21): CodeIgniter\Debug\Exceptions->errorHandler(2, 'Undefined variable $datos', 'APPPATH\\Views\\clientes\\editar.php', 21)
 2 SYSTEMPATH\View\View.php(213): include('APPPATH\\Views\\clientes\\editar.php')
 3 SYSTEMPATH\View\View.php(216): CodeIgniter\View\View->CodeIgniter\View\{closure}()
 4 SYSTEMPATH\Common.php(1184): CodeIgniter\View\View->render('clientes/editar', [], true)
 5 APPPATH\Controllers\Clientes.php(98): view('clientes/editar', [...])
 6 SYSTEMPATH\CodeIgniter.php(934): App\Controllers\Clientes->editar('1')
 7 SYSTEMPATH\CodeIgniter.php(499): CodeIgniter\CodeIgniter->runController(Object(App\Controllers\Clientes))
 8 SYSTEMPATH\CodeIgniter.php(368): CodeIgniter\CodeIgniter->handleRequest(null, Object(Config\Cache), false)
 9 FCPATH\index.php(67): CodeIgniter\CodeIgniter->run()
CRITICAL - 2023-03-14 02:14:39 --> Undefined variable $datos
in APPPATH\Views\clientes\editar.php on line 21.
 1 APPPATH\Views\clientes\editar.php(21): CodeIgniter\Debug\Exceptions->errorHandler(2, 'Undefined variable $datos', 'APPPATH\\Views\\clientes\\editar.php', 21)
 2 SYSTEMPATH\View\View.php(213): include('APPPATH\\Views\\clientes\\editar.php')
 3 SYSTEMPATH\View\View.php(216): CodeIgniter\View\View->CodeIgniter\View\{closure}()
 4 SYSTEMPATH\Common.php(1184): CodeIgniter\View\View->render('clientes/editar', [], true)
 5 APPPATH\Controllers\Clientes.php(98): view('clientes/editar', [...])
 6 SYSTEMPATH\CodeIgniter.php(934): App\Controllers\Clientes->editar('1')
 7 SYSTEMPATH\CodeIgniter.php(499): CodeIgniter\CodeIgniter->runController(Object(App\Controllers\Clientes))
 8 SYSTEMPATH\CodeIgniter.php(368): CodeIgniter\CodeIgniter->handleRequest(null, Object(Config\Cache), false)
 9 FCPATH\index.php(67): CodeIgniter\CodeIgniter->run()
CRITICAL - 2023-03-14 02:14:43 --> Undefined variable $datos
in APPPATH\Views\clientes\editar.php on line 21.
 1 APPPATH\Views\clientes\editar.php(21): CodeIgniter\Debug\Exceptions->errorHandler(2, 'Undefined variable $datos', 'APPPATH\\Views\\clientes\\editar.php', 21)
 2 SYSTEMPATH\View\View.php(213): include('APPPATH\\Views\\clientes\\editar.php')
 3 SYSTEMPATH\View\View.php(216): CodeIgniter\View\View->CodeIgniter\View\{closure}()
 4 SYSTEMPATH\Common.php(1184): CodeIgniter\View\View->render('clientes/editar', [], true)
 5 APPPATH\Controllers\Clientes.php(98): view('clientes/editar', [...])
 6 SYSTEMPATH\CodeIgniter.php(934): App\Controllers\Clientes->editar('1')
 7 SYSTEMPATH\CodeIgniter.php(499): CodeIgniter\CodeIgniter->runController(Object(App\Controllers\Clientes))
 8 SYSTEMPATH\CodeIgniter.php(368): CodeIgniter\CodeIgniter->handleRequest(null, Object(Config\Cache), false)
 9 FCPATH\index.php(67): CodeIgniter\CodeIgniter->run()
CRITICAL - 2023-03-14 02:14:45 --> Undefined variable $datos
in APPPATH\Views\clientes\editar.php on line 21.
 1 APPPATH\Views\clientes\editar.php(21): CodeIgniter\Debug\Exceptions->errorHandler(2, 'Undefined variable $datos', 'APPPATH\\Views\\clientes\\editar.php', 21)
 2 SYSTEMPATH\View\View.php(213): include('APPPATH\\Views\\clientes\\editar.php')
 3 SYSTEMPATH\View\View.php(216): CodeIgniter\View\View->CodeIgniter\View\{closure}()
 4 SYSTEMPATH\Common.php(1184): CodeIgniter\View\View->render('clientes/editar', [], true)
 5 APPPATH\Controllers\Clientes.php(98): view('clientes/editar', [...])
 6 SYSTEMPATH\CodeIgniter.php(934): App\Controllers\Clientes->editar('1')
 7 SYSTEMPATH\CodeIgniter.php(499): CodeIgniter\CodeIgniter->runController(Object(App\Controllers\Clientes))
 8 SYSTEMPATH\CodeIgniter.php(368): CodeIgniter\CodeIgniter->handleRequest(null, Object(Config\Cache), false)
 9 FCPATH\index.php(67): CodeIgniter\CodeIgniter->run()
CRITICAL - 2023-03-14 02:14:46 --> Undefined variable $datos
in APPPATH\Views\clientes\editar.php on line 21.
 1 APPPATH\Views\clientes\editar.php(21): CodeIgniter\Debug\Exceptions->errorHandler(2, 'Undefined variable $datos', 'APPPATH\\Views\\clientes\\editar.php', 21)
 2 SYSTEMPATH\View\View.php(213): include('APPPATH\\Views\\clientes\\editar.php')
 3 SYSTEMPATH\View\View.php(216): CodeIgniter\View\View->CodeIgniter\View\{closure}()
 4 SYSTEMPATH\Common.php(1184): CodeIgniter\View\View->render('clientes/editar', [], true)
 5 APPPATH\Controllers\Clientes.php(98): view('clientes/editar', [...])
 6 SYSTEMPATH\CodeIgniter.php(934): App\Controllers\Clientes->editar('1')
 7 SYSTEMPATH\CodeIgniter.php(499): CodeIgniter\CodeIgniter->runController(Object(App\Controllers\Clientes))
 8 SYSTEMPATH\CodeIgniter.php(368): CodeIgniter\CodeIgniter->handleRequest(null, Object(Config\Cache), false)
 9 FCPATH\index.php(67): CodeIgniter\CodeIgniter->run()
CRITICAL - 2023-03-14 02:14:52 --> Undefined variable $datos
in APPPATH\Views\clientes\editar.php on line 21.
 1 APPPATH\Views\clientes\editar.php(21): CodeIgniter\Debug\Exceptions->errorHandler(2, 'Undefined variable $datos', 'APPPATH\\Views\\clientes\\editar.php', 21)
 2 SYSTEMPATH\View\View.php(213): include('APPPATH\\Views\\clientes\\editar.php')
 3 SYSTEMPATH\View\View.php(216): CodeIgniter\View\View->CodeIgniter\View\{closure}()
 4 SYSTEMPATH\Common.php(1184): CodeIgniter\View\View->render('clientes/editar', [], true)
 5 APPPATH\Controllers\Clientes.php(98): view('clientes/editar', [...])
 6 SYSTEMPATH\CodeIgniter.php(934): App\Controllers\Clientes->editar('1')
 7 SYSTEMPATH\CodeIgniter.php(499): CodeIgniter\CodeIgniter->runController(Object(App\Controllers\Clientes))
 8 SYSTEMPATH\CodeIgniter.php(368): CodeIgniter\CodeIgniter->handleRequest(null, Object(Config\Cache), false)
 9 FCPATH\index.php(67): CodeIgniter\CodeIgniter->run()
CRITICAL - 2023-03-14 02:15:01 --> Undefined variable $datos
in APPPATH\Views\clientes\editar.php on line 21.
 1 APPPATH\Views\clientes\editar.php(21): CodeIgniter\Debug\Exceptions->errorHandler(2, 'Undefined variable $datos', 'APPPATH\\Views\\clientes\\editar.php', 21)
 2 SYSTEMPATH\View\View.php(213): include('APPPATH\\Views\\clientes\\editar.php')
 3 SYSTEMPATH\View\View.php(216): CodeIgniter\View\View->CodeIgniter\View\{closure}()
 4 SYSTEMPATH\Common.php(1184): CodeIgniter\View\View->render('clientes/editar', [], true)
 5 APPPATH\Controllers\Clientes.php(98): view('clientes/editar', [...])
 6 SYSTEMPATH\CodeIgniter.php(934): App\Controllers\Clientes->editar('1')
 7 SYSTEMPATH\CodeIgniter.php(499): CodeIgniter\CodeIgniter->runController(Object(App\Controllers\Clientes))
 8 SYSTEMPATH\CodeIgniter.php(368): CodeIgniter\CodeIgniter->handleRequest(null, Object(Config\Cache), false)
 9 FCPATH\index.php(67): CodeIgniter\CodeIgniter->run()
CRITICAL - 2023-03-14 02:15:03 --> Undefined variable $datos
in APPPATH\Views\clientes\editar.php on line 21.
 1 APPPATH\Views\clientes\editar.php(21): CodeIgniter\Debug\Exceptions->errorHandler(2, 'Undefined variable $datos', 'APPPATH\\Views\\clientes\\editar.php', 21)
 2 SYSTEMPATH\View\View.php(213): include('APPPATH\\Views\\clientes\\editar.php')
 3 SYSTEMPATH\View\View.php(216): CodeIgniter\View\View->CodeIgniter\View\{closure}()
 4 SYSTEMPATH\Common.php(1184): CodeIgniter\View\View->render('clientes/editar', [], true)
 5 APPPATH\Controllers\Clientes.php(98): view('clientes/editar', [...])
 6 SYSTEMPATH\CodeIgniter.php(934): App\Controllers\Clientes->editar('1')
 7 SYSTEMPATH\CodeIgniter.php(499): CodeIgniter\CodeIgniter->runController(Object(App\Controllers\Clientes))
 8 SYSTEMPATH\CodeIgniter.php(368): CodeIgniter\CodeIgniter->handleRequest(null, Object(Config\Cache), false)
 9 FCPATH\index.php(67): CodeIgniter\CodeIgniter->run()
CRITICAL - 2023-03-14 02:15:16 --> Undefined variable $datos
in APPPATH\Views\clientes\editar.php on line 27.
 1 APPPATH\Views\clientes\editar.php(27): CodeIgniter\Debug\Exceptions->errorHandler(2, 'Undefined variable $datos', 'APPPATH\\Views\\clientes\\editar.php', 27)
 2 SYSTEMPATH\View\View.php(213): include('APPPATH\\Views\\clientes\\editar.php')
 3 SYSTEMPATH\View\View.php(216): CodeIgniter\View\View->CodeIgniter\View\{closure}()
 4 SYSTEMPATH\Common.php(1184): CodeIgniter\View\View->render('clientes/editar', [], true)
 5 APPPATH\Controllers\Clientes.php(98): view('clientes/editar', [...])
 6 SYSTEMPATH\CodeIgniter.php(934): App\Controllers\Clientes->editar('1')
 7 SYSTEMPATH\CodeIgniter.php(499): CodeIgniter\CodeIgniter->runController(Object(App\Controllers\Clientes))
 8 SYSTEMPATH\CodeIgniter.php(368): CodeIgniter\CodeIgniter->handleRequest(null, Object(Config\Cache), false)
 9 FCPATH\index.php(67): CodeIgniter\CodeIgniter->run()
CRITICAL - 2023-03-14 02:15:22 --> Undefined variable $datos
in APPPATH\Views\clientes\editar.php on line 27.
 1 APPPATH\Views\clientes\editar.php(27): CodeIgniter\Debug\Exceptions->errorHandler(2, 'Undefined variable $datos', 'APPPATH\\Views\\clientes\\editar.php', 27)
 2 SYSTEMPATH\View\View.php(213): include('APPPATH\\Views\\clientes\\editar.php')
 3 SYSTEMPATH\View\View.php(216): CodeIgniter\View\View->CodeIgniter\View\{closure}()
 4 SYSTEMPATH\Common.php(1184): CodeIgniter\View\View->render('clientes/editar', [], true)
 5 APPPATH\Controllers\Clientes.php(98): view('clientes/editar', [...])
 6 SYSTEMPATH\CodeIgniter.php(934): App\Controllers\Clientes->editar('1')
 7 SYSTEMPATH\CodeIgniter.php(499): CodeIgniter\CodeIgniter->runController(Object(App\Controllers\Clientes))
 8 SYSTEMPATH\CodeIgniter.php(368): CodeIgniter\CodeIgniter->handleRequest(null, Object(Config\Cache), false)
 9 FCPATH\index.php(67): CodeIgniter\CodeIgniter->run()
CRITICAL - 2023-03-14 02:15:31 --> Undefined variable $datos
in APPPATH\Views\clientes\editar.php on line 21.
 1 APPPATH\Views\clientes\editar.php(21): CodeIgniter\Debug\Exceptions->errorHandler(2, 'Undefined variable $datos', 'APPPATH\\Views\\clientes\\editar.php', 21)
 2 SYSTEMPATH\View\View.php(213): include('APPPATH\\Views\\clientes\\editar.php')
 3 SYSTEMPATH\View\View.php(216): CodeIgniter\View\View->CodeIgniter\View\{closure}()
 4 SYSTEMPATH\Common.php(1184): CodeIgniter\View\View->render('clientes/editar', [], true)
 5 APPPATH\Controllers\Clientes.php(98): view('clientes/editar', [...])
 6 SYSTEMPATH\CodeIgniter.php(934): App\Controllers\Clientes->editar('1')
 7 SYSTEMPATH\CodeIgniter.php(499): CodeIgniter\CodeIgniter->runController(Object(App\Controllers\Clientes))
 8 SYSTEMPATH\CodeIgniter.php(368): CodeIgniter\CodeIgniter->handleRequest(null, Object(Config\Cache), false)
 9 FCPATH\index.php(67): CodeIgniter\CodeIgniter->run()
CRITICAL - 2023-03-14 02:15:49 --> Undefined variable $datos
in APPPATH\Views\clientes\editar.php on line 21.
 1 APPPATH\Views\clientes\editar.php(21): CodeIgniter\Debug\Exceptions->errorHandler(2, 'Undefined variable $datos', 'APPPATH\\Views\\clientes\\editar.php', 21)
 2 SYSTEMPATH\View\View.php(213): include('APPPATH\\Views\\clientes\\editar.php')
 3 SYSTEMPATH\View\View.php(216): CodeIgniter\View\View->CodeIgniter\View\{closure}()
 4 SYSTEMPATH\Common.php(1184): CodeIgniter\View\View->render('clientes/editar', [], true)
 5 APPPATH\Controllers\Clientes.php(98): view('clientes/editar', [...])
 6 SYSTEMPATH\CodeIgniter.php(934): App\Controllers\Clientes->editar('1')
 7 SYSTEMPATH\CodeIgniter.php(499): CodeIgniter\CodeIgniter->runController(Object(App\Controllers\Clientes))
 8 SYSTEMPATH\CodeIgniter.php(368): CodeIgniter\CodeIgniter->handleRequest(null, Object(Config\Cache), false)
 9 FCPATH\index.php(67): CodeIgniter\CodeIgniter->run()
CRITICAL - 2023-03-14 02:15:55 --> Undefined variable $datos
in APPPATH\Views\clientes\editar.php on line 21.
 1 APPPATH\Views\clientes\editar.php(21): CodeIgniter\Debug\Exceptions->errorHandler(2, 'Undefined variable $datos', 'APPPATH\\Views\\clientes\\editar.php', 21)
 2 SYSTEMPATH\View\View.php(213): include('APPPATH\\Views\\clientes\\editar.php')
 3 SYSTEMPATH\View\View.php(216): CodeIgniter\View\View->CodeIgniter\View\{closure}()
 4 SYSTEMPATH\Common.php(1184): CodeIgniter\View\View->render('clientes/editar', [], true)
 5 APPPATH\Controllers\Clientes.php(98): view('clientes/editar', [...])
 6 SYSTEMPATH\CodeIgniter.php(934): App\Controllers\Clientes->editar('1')
 7 SYSTEMPATH\CodeIgniter.php(499): CodeIgniter\CodeIgniter->runController(Object(App\Controllers\Clientes))
 8 SYSTEMPATH\CodeIgniter.php(368): CodeIgniter\CodeIgniter->handleRequest(null, Object(Config\Cache), false)
 9 FCPATH\index.php(67): CodeIgniter\CodeIgniter->run()
CRITICAL - 2023-03-14 02:15:57 --> Undefined variable $datos
in APPPATH\Views\clientes\editar.php on line 17.
 1 APPPATH\Views\clientes\editar.php(17): CodeIgniter\Debug\Exceptions->errorHandler(2, 'Undefined variable $datos', 'APPPATH\\Views\\clientes\\editar.php', 17)
 2 SYSTEMPATH\View\View.php(213): include('APPPATH\\Views\\clientes\\editar.php')
 3 SYSTEMPATH\View\View.php(216): CodeIgniter\View\View->CodeIgniter\View\{closure}()
 4 SYSTEMPATH\Common.php(1184): CodeIgniter\View\View->render('clientes/editar', [], true)
 5 APPPATH\Controllers\Clientes.php(98): view('clientes/editar', [...])
 6 SYSTEMPATH\CodeIgniter.php(934): App\Controllers\Clientes->editar('1')
 7 SYSTEMPATH\CodeIgniter.php(499): CodeIgniter\CodeIgniter->runController(Object(App\Controllers\Clientes))
 8 SYSTEMPATH\CodeIgniter.php(368): CodeIgniter\CodeIgniter->handleRequest(null, Object(Config\Cache), false)
 9 FCPATH\index.php(67): CodeIgniter\CodeIgniter->run()
CRITICAL - 2023-03-14 02:16:06 --> Undefined variable $datos
in APPPATH\Views\clientes\editar.php on line 17.
 1 APPPATH\Views\clientes\editar.php(17): CodeIgniter\Debug\Exceptions->errorHandler(2, 'Undefined variable $datos', 'APPPATH\\Views\\clientes\\editar.php', 17)
 2 SYSTEMPATH\View\View.php(213): include('APPPATH\\Views\\clientes\\editar.php')
 3 SYSTEMPATH\View\View.php(216): CodeIgniter\View\View->CodeIgniter\View\{closure}()
 4 SYSTEMPATH\Common.php(1184): CodeIgniter\View\View->render('clientes/editar', [], true)
 5 APPPATH\Controllers\Clientes.php(98): view('clientes/editar', [...])
 6 SYSTEMPATH\CodeIgniter.php(934): App\Controllers\Clientes->editar('1')
 7 SYSTEMPATH\CodeIgniter.php(499): CodeIgniter\CodeIgniter->runController(Object(App\Controllers\Clientes))
 8 SYSTEMPATH\CodeIgniter.php(368): CodeIgniter\CodeIgniter->handleRequest(null, Object(Config\Cache), false)
 9 FCPATH\index.php(67): CodeIgniter\CodeIgniter->run()
CRITICAL - 2023-03-14 02:16:09 --> Undefined variable $datos
in APPPATH\Views\clientes\editar.php on line 17.
 1 APPPATH\Views\clientes\editar.php(17): CodeIgniter\Debug\Exceptions->errorHandler(2, 'Undefined variable $datos', 'APPPATH\\Views\\clientes\\editar.php', 17)
 2 SYSTEMPATH\View\View.php(213): include('APPPATH\\Views\\clientes\\editar.php')
 3 SYSTEMPATH\View\View.php(216): CodeIgniter\View\View->CodeIgniter\View\{closure}()
 4 SYSTEMPATH\Common.php(1184): CodeIgniter\View\View->render('clientes/editar', [], true)
 5 APPPATH\Controllers\Clientes.php(98): view('clientes/editar', [...])
 6 SYSTEMPATH\CodeIgniter.php(934): App\Controllers\Clientes->editar('1')
 7 SYSTEMPATH\CodeIgniter.php(499): CodeIgniter\CodeIgniter->runController(Object(App\Controllers\Clientes))
 8 SYSTEMPATH\CodeIgniter.php(368): CodeIgniter\CodeIgniter->handleRequest(null, Object(Config\Cache), false)
 9 FCPATH\index.php(67): CodeIgniter\CodeIgniter->run()
CRITICAL - 2023-03-14 02:16:10 --> Undefined variable $datos
in APPPATH\Views\clientes\editar.php on line 17.
 1 APPPATH\Views\clientes\editar.php(17): CodeIgniter\Debug\Exceptions->errorHandler(2, 'Undefined variable $datos', 'APPPATH\\Views\\clientes\\editar.php', 17)
 2 SYSTEMPATH\View\View.php(213): include('APPPATH\\Views\\clientes\\editar.php')
 3 SYSTEMPATH\View\View.php(216): CodeIgniter\View\View->CodeIgniter\View\{closure}()
 4 SYSTEMPATH\Common.php(1184): CodeIgniter\View\View->render('clientes/editar', [], true)
 5 APPPATH\Controllers\Clientes.php(98): view('clientes/editar', [...])
 6 SYSTEMPATH\CodeIgniter.php(934): App\Controllers\Clientes->editar('1')
 7 SYSTEMPATH\CodeIgniter.php(499): CodeIgniter\CodeIgniter->runController(Object(App\Controllers\Clientes))
 8 SYSTEMPATH\CodeIgniter.php(368): CodeIgniter\CodeIgniter->handleRequest(null, Object(Config\Cache), false)
 9 FCPATH\index.php(67): CodeIgniter\CodeIgniter->run()
CRITICAL - 2023-03-14 02:16:13 --> Undefined variable $datos
in APPPATH\Views\clientes\editar.php on line 17.
 1 APPPATH\Views\clientes\editar.php(17): CodeIgniter\Debug\Exceptions->errorHandler(2, 'Undefined variable $datos', 'APPPATH\\Views\\clientes\\editar.php', 17)
 2 SYSTEMPATH\View\View.php(213): include('APPPATH\\Views\\clientes\\editar.php')
 3 SYSTEMPATH\View\View.php(216): CodeIgniter\View\View->CodeIgniter\View\{closure}()
 4 SYSTEMPATH\Common.php(1184): CodeIgniter\View\View->render('clientes/editar', [], true)
 5 APPPATH\Controllers\Clientes.php(98): view('clientes/editar', [...])
 6 SYSTEMPATH\CodeIgniter.php(934): App\Controllers\Clientes->editar('1')
 7 SYSTEMPATH\CodeIgniter.php(499): CodeIgniter\CodeIgniter->runController(Object(App\Controllers\Clientes))
 8 SYSTEMPATH\CodeIgniter.php(368): CodeIgniter\CodeIgniter->handleRequest(null, Object(Config\Cache), false)
 9 FCPATH\index.php(67): CodeIgniter\CodeIgniter->run()
CRITICAL - 2023-03-14 02:16:56 --> Undefined variable $datos
in APPPATH\Views\clientes\editar.php on line 17.
 1 APPPATH\Views\clientes\editar.php(17): CodeIgniter\Debug\Exceptions->errorHandler(2, 'Undefined variable $datos', 'APPPATH\\Views\\clientes\\editar.php', 17)
 2 SYSTEMPATH\View\View.php(213): include('APPPATH\\Views\\clientes\\editar.php')
 3 SYSTEMPATH\View\View.php(216): CodeIgniter\View\View->CodeIgniter\View\{closure}()
 4 SYSTEMPATH\Common.php(1184): CodeIgniter\View\View->render('clientes/editar', [], true)
 5 APPPATH\Controllers\Clientes.php(98): view('clientes/editar', [...])
 6 SYSTEMPATH\CodeIgniter.php(934): App\Controllers\Clientes->editar('1')
 7 SYSTEMPATH\CodeIgniter.php(499): CodeIgniter\CodeIgniter->runController(Object(App\Controllers\Clientes))
 8 SYSTEMPATH\CodeIgniter.php(368): CodeIgniter\CodeIgniter->handleRequest(null, Object(Config\Cache), false)
 9 FCPATH\index.php(67): CodeIgniter\CodeIgniter->run()
CRITICAL - 2023-03-14 02:16:58 --> Undefined variable $datos
in APPPATH\Views\clientes\editar.php on line 17.
 1 APPPATH\Views\clientes\editar.php(17): CodeIgniter\Debug\Exceptions->errorHandler(2, 'Undefined variable $datos', 'APPPATH\\Views\\clientes\\editar.php', 17)
 2 SYSTEMPATH\View\View.php(213): include('APPPATH\\Views\\clientes\\editar.php')
 3 SYSTEMPATH\View\View.php(216): CodeIgniter\View\View->CodeIgniter\View\{closure}()
 4 SYSTEMPATH\Common.php(1184): CodeIgniter\View\View->render('clientes/editar', [], true)
 5 APPPATH\Controllers\Clientes.php(98): view('clientes/editar', [...])
 6 SYSTEMPATH\CodeIgniter.php(934): App\Controllers\Clientes->editar('1')
 7 SYSTEMPATH\CodeIgniter.php(499): CodeIgniter\CodeIgniter->runController(Object(App\Controllers\Clientes))
 8 SYSTEMPATH\CodeIgniter.php(368): CodeIgniter\CodeIgniter->handleRequest(null, Object(Config\Cache), false)
 9 FCPATH\index.php(67): CodeIgniter\CodeIgniter->run()
CRITICAL - 2023-03-14 02:17:00 --> Undefined variable $datos
in APPPATH\Views\clientes\editar.php on line 17.
 1 APPPATH\Views\clientes\editar.php(17): CodeIgniter\Debug\Exceptions->errorHandler(2, 'Undefined variable $datos', 'APPPATH\\Views\\clientes\\editar.php', 17)
 2 SYSTEMPATH\View\View.php(213): include('APPPATH\\Views\\clientes\\editar.php')
 3 SYSTEMPATH\View\View.php(216): CodeIgniter\View\View->CodeIgniter\View\{closure}()
 4 SYSTEMPATH\Common.php(1184): CodeIgniter\View\View->render('clientes/editar', [], true)
 5 APPPATH\Controllers\Clientes.php(98): view('clientes/editar', [...])
 6 SYSTEMPATH\CodeIgniter.php(934): App\Controllers\Clientes->editar('1')
 7 SYSTEMPATH\CodeIgniter.php(499): CodeIgniter\CodeIgniter->runController(Object(App\Controllers\Clientes))
 8 SYSTEMPATH\CodeIgniter.php(368): CodeIgniter\CodeIgniter->handleRequest(null, Object(Config\Cache), false)
 9 FCPATH\index.php(67): CodeIgniter\CodeIgniter->run()
CRITICAL - 2023-03-14 02:19:51 --> Undefined array key "codigo"
in APPPATH\Views\clientes\eliminados.php on line 36.
 1 APPPATH\Views\clientes\eliminados.php(36): CodeIgniter\Debug\Exceptions->errorHandler(2, 'Undefined array key "codigo"', 'APPPATH\\Views\\clientes\\eliminados.php', 36)
 2 SYSTEMPATH\View\View.php(213): include('APPPATH\\Views\\clientes\\eliminados.php')
 3 SYSTEMPATH\View\View.php(216): CodeIgniter\View\View->CodeIgniter\View\{closure}()
 4 SYSTEMPATH\Common.php(1184): CodeIgniter\View\View->render('clientes/eliminados', [], true)
 5 APPPATH\Controllers\Clientes.php(58): view('clientes/eliminados', [...])
 6 SYSTEMPATH\CodeIgniter.php(934): App\Controllers\Clientes->eliminados()
 7 SYSTEMPATH\CodeIgniter.php(499): CodeIgniter\CodeIgniter->runController(Object(App\Controllers\Clientes))
 8 SYSTEMPATH\CodeIgniter.php(368): CodeIgniter\CodeIgniter->handleRequest(null, Object(Config\Cache), false)
 9 FCPATH\index.php(67): CodeIgniter\CodeIgniter->run()
CRITICAL - 2023-03-14 22:58:57 --> Undefined array key "codigo"
in APPPATH\Views\clientes\eliminados.php on line 36.
 1 APPPATH\Views\clientes\eliminados.php(36): CodeIgniter\Debug\Exceptions->errorHandler(2, 'Undefined array key "codigo"', 'APPPATH\\Views\\clientes\\eliminados.php', 36)
 2 SYSTEMPATH\View\View.php(213): include('APPPATH\\Views\\clientes\\eliminados.php')
 3 SYSTEMPATH\View\View.php(216): CodeIgniter\View\View->CodeIgniter\View\{closure}()
 4 SYSTEMPATH\Common.php(1184): CodeIgniter\View\View->render('clientes/eliminados', [], true)
 5 APPPATH\Controllers\Clientes.php(58): view('clientes/eliminados', [...])
 6 SYSTEMPATH\CodeIgniter.php(934): App\Controllers\Clientes->eliminados()
 7 SYSTEMPATH\CodeIgniter.php(499): CodeIgniter\CodeIgniter->runController(Object(App\Controllers\Clientes))
 8 SYSTEMPATH\CodeIgniter.php(368): CodeIgniter\CodeIgniter->handleRequest(null, Object(Config\Cache), false)
 9 FCPATH\index.php(67): CodeIgniter\CodeIgniter->run()
CRITICAL - 2023-03-14 23:06:51 --> Undefined variable $datos
in APPPATH\Views\clientes\editar.php on line 17.
 1 APPPATH\Views\clientes\editar.php(17): CodeIgniter\Debug\Exceptions->errorHandler(2, 'Undefined variable $datos', 'APPPATH\\Views\\clientes\\editar.php', 17)
 2 SYSTEMPATH\View\View.php(213): include('APPPATH\\Views\\clientes\\editar.php')
 3 SYSTEMPATH\View\View.php(216): CodeIgniter\View\View->CodeIgniter\View\{closure}()
 4 SYSTEMPATH\Common.php(1184): CodeIgniter\View\View->render('clientes/editar', [], true)
 5 APPPATH\Controllers\Clientes.php(98): view('clientes/editar', [...])
 6 SYSTEMPATH\CodeIgniter.php(934): App\Controllers\Clientes->editar('1')
 7 SYSTEMPATH\CodeIgniter.php(499): CodeIgniter\CodeIgniter->runController(Object(App\Controllers\Clientes))
 8 SYSTEMPATH\CodeIgniter.php(368): CodeIgniter\CodeIgniter->handleRequest(null, Object(Config\Cache), false)
 9 FCPATH\index.php(67): CodeIgniter\CodeIgniter->run()
CRITICAL - 2023-03-14 23:09:29 --> Undefined variable $datos
in APPPATH\Views\clientes\editar.php on line 18.
 1 APPPATH\Views\clientes\editar.php(18): CodeIgniter\Debug\Exceptions->errorHandler(2, 'Undefined variable $datos', 'APPPATH\\Views\\clientes\\editar.php', 18)
 2 SYSTEMPATH\View\View.php(213): include('APPPATH\\Views\\clientes\\editar.php')
 3 SYSTEMPATH\View\View.php(216): CodeIgniter\View\View->CodeIgniter\View\{closure}()
 4 SYSTEMPATH\Common.php(1184): CodeIgniter\View\View->render('clientes/editar', [], true)
 5 APPPATH\Controllers\Clientes.php(98): view('clientes/editar', [...])
 6 SYSTEMPATH\CodeIgniter.php(934): App\Controllers\Clientes->editar('1')
 7 SYSTEMPATH\CodeIgniter.php(499): CodeIgniter\CodeIgniter->runController(Object(App\Controllers\Clientes))
 8 SYSTEMPATH\CodeIgniter.php(368): CodeIgniter\CodeIgniter->handleRequest(null, Object(Config\Cache), false)
 9 FCPATH\index.php(67): CodeIgniter\CodeIgniter->run()
CRITICAL - 2023-03-14 23:09:31 --> Undefined variable $datos
in APPPATH\Views\clientes\editar.php on line 13.
 1 APPPATH\Views\clientes\editar.php(13): CodeIgniter\Debug\Exceptions->errorHandler(2, 'Undefined variable $datos', 'APPPATH\\Views\\clientes\\editar.php', 13)
 2 SYSTEMPATH\View\View.php(213): include('APPPATH\\Views\\clientes\\editar.php')
 3 SYSTEMPATH\View\View.php(216): CodeIgniter\View\View->CodeIgniter\View\{closure}()
 4 SYSTEMPATH\Common.php(1184): CodeIgniter\View\View->render('clientes/editar', [], true)
 5 APPPATH\Controllers\Clientes.php(98): view('clientes/editar', [...])
 6 SYSTEMPATH\CodeIgniter.php(934): App\Controllers\Clientes->editar('1')
 7 SYSTEMPATH\CodeIgniter.php(499): CodeIgniter\CodeIgniter->runController(Object(App\Controllers\Clientes))
 8 SYSTEMPATH\CodeIgniter.php(368): CodeIgniter\CodeIgniter->handleRequest(null, Object(Config\Cache), false)
 9 FCPATH\index.php(67): CodeIgniter\CodeIgniter->run()
