CRITICAL - 2023-03-18 00:00:12 --> Undefined variable $nombre
in APPPATH\Views\configuracion\configuracion.php on line 32.
 1 APPPATH\Views\configuracion\configuracion.php(32): CodeIgniter\Debug\Exceptions->errorHandler(2, 'Undefined variable $nombre', 'APPPATH\\Views\\configuracion\\configuracion.php', 32)
 2 SYSTEMPATH\View\View.php(213): include('APPPATH\\Views\\configuracion\\configuracion.php')
 3 SYSTEMPATH\View\View.php(216): CodeIgniter\View\View->CodeIgniter\View\{closure}()
 4 SYSTEMPATH\Common.php(1184): CodeIgniter\View\View->render('configuracion/configuracion', [], true)
 5 APPPATH\Controllers\Configuracion.php(46): view('configuracion/configuracion', [...])
 6 SYSTEMPATH\CodeIgniter.php(934): App\Controllers\Configuracion->index()
 7 SYSTEMPATH\CodeIgniter.php(499): CodeIgniter\CodeIgniter->runController(Object(App\Controllers\Configuracion))
 8 SYSTEMPATH\CodeIgniter.php(368): CodeIgniter\CodeIgniter->handleRequest(null, Object(Config\Cache), false)
 9 FCPATH\index.php(67): CodeIgniter\CodeIgniter->run()
CRITICAL - 2023-03-18 00:00:34 --> Undefined variable $nombre
in APPPATH\Views\configuracion\configuracion.php on line 32.
 1 APPPATH\Views\configuracion\configuracion.php(32): CodeIgniter\Debug\Exceptions->errorHandler(2, 'Undefined variable $nombre', 'APPPATH\\Views\\configuracion\\configuracion.php', 32)
 2 SYSTEMPATH\View\View.php(213): include('APPPATH\\Views\\configuracion\\configuracion.php')
 3 SYSTEMPATH\View\View.php(216): CodeIgniter\View\View->CodeIgniter\View\{closure}()
 4 SYSTEMPATH\Common.php(1184): CodeIgniter\View\View->render('configuracion/configuracion', [], true)
 5 APPPATH\Controllers\Configuracion.php(46): view('configuracion/configuracion', [...])
 6 SYSTEMPATH\CodeIgniter.php(934): App\Controllers\Configuracion->index()
 7 SYSTEMPATH\CodeIgniter.php(499): CodeIgniter\CodeIgniter->runController(Object(App\Controllers\Configuracion))
 8 SYSTEMPATH\CodeIgniter.php(368): CodeIgniter\CodeIgniter->handleRequest(null, Object(Config\Cache), false)
 9 FCPATH\index.php(67): CodeIgniter\CodeIgniter->run()
CRITICAL - 2023-03-18 00:00:54 --> Undefined variable $nombre
in APPPATH\Views\configuracion\configuracion.php on line 32.
 1 APPPATH\Views\configuracion\configuracion.php(32): CodeIgniter\Debug\Exceptions->errorHandler(2, 'Undefined variable $nombre', 'APPPATH\\Views\\configuracion\\configuracion.php', 32)
 2 SYSTEMPATH\View\View.php(213): include('APPPATH\\Views\\configuracion\\configuracion.php')
 3 SYSTEMPATH\View\View.php(216): CodeIgniter\View\View->CodeIgniter\View\{closure}()
 4 SYSTEMPATH\Common.php(1184): CodeIgniter\View\View->render('configuracion/configuracion', [], true)
 5 APPPATH\Controllers\Configuracion.php(46): view('configuracion/configuracion', [...])
 6 SYSTEMPATH\CodeIgniter.php(934): App\Controllers\Configuracion->index()
 7 SYSTEMPATH\CodeIgniter.php(499): CodeIgniter\CodeIgniter->runController(Object(App\Controllers\Configuracion))
 8 SYSTEMPATH\CodeIgniter.php(368): CodeIgniter\CodeIgniter->handleRequest(null, Object(Config\Cache), false)
 9 FCPATH\index.php(67): CodeIgniter\CodeIgniter->run()
CRITICAL - 2023-03-18 00:01:00 --> Undefined variable $nombre
in APPPATH\Views\configuracion\configuracion.php on line 32.
 1 APPPATH\Views\configuracion\configuracion.php(32): CodeIgniter\Debug\Exceptions->errorHandler(2, 'Undefined variable $nombre', 'APPPATH\\Views\\configuracion\\configuracion.php', 32)
 2 SYSTEMPATH\View\View.php(213): include('APPPATH\\Views\\configuracion\\configuracion.php')
 3 SYSTEMPATH\View\View.php(216): CodeIgniter\View\View->CodeIgniter\View\{closure}()
 4 SYSTEMPATH\Common.php(1184): CodeIgniter\View\View->render('configuracion/configuracion', [], true)
 5 APPPATH\Controllers\Configuracion.php(46): view('configuracion/configuracion', [...])
 6 SYSTEMPATH\CodeIgniter.php(934): App\Controllers\Configuracion->index()
 7 SYSTEMPATH\CodeIgniter.php(499): CodeIgniter\CodeIgniter->runController(Object(App\Controllers\Configuracion))
 8 SYSTEMPATH\CodeIgniter.php(368): CodeIgniter\CodeIgniter->handleRequest(null, Object(Config\Cache), false)
 9 FCPATH\index.php(67): CodeIgniter\CodeIgniter->run()
CRITICAL - 2023-03-18 00:01:17 --> Undefined variable $nombre
in APPPATH\Views\configuracion\configuracion.php on line 32.
 1 APPPATH\Views\configuracion\configuracion.php(32): CodeIgniter\Debug\Exceptions->errorHandler(2, 'Undefined variable $nombre', 'APPPATH\\Views\\configuracion\\configuracion.php', 32)
 2 SYSTEMPATH\View\View.php(213): include('APPPATH\\Views\\configuracion\\configuracion.php')
 3 SYSTEMPATH\View\View.php(216): CodeIgniter\View\View->CodeIgniter\View\{closure}()
 4 SYSTEMPATH\Common.php(1184): CodeIgniter\View\View->render('configuracion/configuracion', [], true)
 5 APPPATH\Controllers\Configuracion.php(46): view('configuracion/configuracion', [...])
 6 SYSTEMPATH\CodeIgniter.php(934): App\Controllers\Configuracion->index()
 7 SYSTEMPATH\CodeIgniter.php(499): CodeIgniter\CodeIgniter->runController(Object(App\Controllers\Configuracion))
 8 SYSTEMPATH\CodeIgniter.php(368): CodeIgniter\CodeIgniter->handleRequest(null, Object(Config\Cache), false)
 9 FCPATH\index.php(67): CodeIgniter\CodeIgniter->run()
CRITICAL - 2023-03-18 00:01:22 --> Undefined variable $nombre
in APPPATH\Views\configuracion\configuracion.php on line 32.
 1 APPPATH\Views\configuracion\configuracion.php(32): CodeIgniter\Debug\Exceptions->errorHandler(2, 'Undefined variable $nombre', 'APPPATH\\Views\\configuracion\\configuracion.php', 32)
 2 SYSTEMPATH\View\View.php(213): include('APPPATH\\Views\\configuracion\\configuracion.php')
 3 SYSTEMPATH\View\View.php(216): CodeIgniter\View\View->CodeIgniter\View\{closure}()
 4 SYSTEMPATH\Common.php(1184): CodeIgniter\View\View->render('configuracion/configuracion', [], true)
 5 APPPATH\Controllers\Configuracion.php(46): view('configuracion/configuracion', [...])
 6 SYSTEMPATH\CodeIgniter.php(934): App\Controllers\Configuracion->index()
 7 SYSTEMPATH\CodeIgniter.php(499): CodeIgniter\CodeIgniter->runController(Object(App\Controllers\Configuracion))
 8 SYSTEMPATH\CodeIgniter.php(368): CodeIgniter\CodeIgniter->handleRequest(null, Object(Config\Cache), false)
 9 FCPATH\index.php(67): CodeIgniter\CodeIgniter->run()
CRITICAL - 2023-03-18 00:02:48 --> Undefined variable $nombre
in APPPATH\Views\configuracion\configuracion.php on line 32.
 1 APPPATH\Views\configuracion\configuracion.php(32): CodeIgniter\Debug\Exceptions->errorHandler(2, 'Undefined variable $nombre', 'APPPATH\\Views\\configuracion\\configuracion.php', 32)
 2 SYSTEMPATH\View\View.php(213): include('APPPATH\\Views\\configuracion\\configuracion.php')
 3 SYSTEMPATH\View\View.php(216): CodeIgniter\View\View->CodeIgniter\View\{closure}()
 4 SYSTEMPATH\Common.php(1184): CodeIgniter\View\View->render('configuracion/configuracion', [], true)
 5 APPPATH\Controllers\Configuracion.php(46): view('configuracion/configuracion', [...])
 6 SYSTEMPATH\CodeIgniter.php(934): App\Controllers\Configuracion->index()
 7 SYSTEMPATH\CodeIgniter.php(499): CodeIgniter\CodeIgniter->runController(Object(App\Controllers\Configuracion))
 8 SYSTEMPATH\CodeIgniter.php(368): CodeIgniter\CodeIgniter->handleRequest(null, Object(Config\Cache), false)
 9 FCPATH\index.php(67): CodeIgniter\CodeIgniter->run()
CRITICAL - 2023-03-18 00:02:52 --> Undefined variable $nombre
in APPPATH\Views\configuracion\configuracion.php on line 32.
 1 APPPATH\Views\configuracion\configuracion.php(32): CodeIgniter\Debug\Exceptions->errorHandler(2, 'Undefined variable $nombre', 'APPPATH\\Views\\configuracion\\configuracion.php', 32)
 2 SYSTEMPATH\View\View.php(213): include('APPPATH\\Views\\configuracion\\configuracion.php')
 3 SYSTEMPATH\View\View.php(216): CodeIgniter\View\View->CodeIgniter\View\{closure}()
 4 SYSTEMPATH\Common.php(1184): CodeIgniter\View\View->render('configuracion/configuracion', [], true)
 5 APPPATH\Controllers\Configuracion.php(46): view('configuracion/configuracion', [...])
 6 SYSTEMPATH\CodeIgniter.php(934): App\Controllers\Configuracion->index()
 7 SYSTEMPATH\CodeIgniter.php(499): CodeIgniter\CodeIgniter->runController(Object(App\Controllers\Configuracion))
 8 SYSTEMPATH\CodeIgniter.php(368): CodeIgniter\CodeIgniter->handleRequest(null, Object(Config\Cache), false)
 9 FCPATH\index.php(67): CodeIgniter\CodeIgniter->run()
CRITICAL - 2023-03-18 00:02:53 --> Undefined variable $nombre
in APPPATH\Views\configuracion\configuracion.php on line 32.
 1 APPPATH\Views\configuracion\configuracion.php(32): CodeIgniter\Debug\Exceptions->errorHandler(2, 'Undefined variable $nombre', 'APPPATH\\Views\\configuracion\\configuracion.php', 32)
 2 SYSTEMPATH\View\View.php(213): include('APPPATH\\Views\\configuracion\\configuracion.php')
 3 SYSTEMPATH\View\View.php(216): CodeIgniter\View\View->CodeIgniter\View\{closure}()
 4 SYSTEMPATH\Common.php(1184): CodeIgniter\View\View->render('configuracion/configuracion', [], true)
 5 APPPATH\Controllers\Configuracion.php(46): view('configuracion/configuracion', [...])
 6 SYSTEMPATH\CodeIgniter.php(934): App\Controllers\Configuracion->index()
 7 SYSTEMPATH\CodeIgniter.php(499): CodeIgniter\CodeIgniter->runController(Object(App\Controllers\Configuracion))
 8 SYSTEMPATH\CodeIgniter.php(368): CodeIgniter\CodeIgniter->handleRequest(null, Object(Config\Cache), false)
 9 FCPATH\index.php(67): CodeIgniter\CodeIgniter->run()
CRITICAL - 2023-03-18 00:02:56 --> Undefined variable $nombre
in APPPATH\Views\configuracion\configuracion.php on line 32.
 1 APPPATH\Views\configuracion\configuracion.php(32): CodeIgniter\Debug\Exceptions->errorHandler(2, 'Undefined variable $nombre', 'APPPATH\\Views\\configuracion\\configuracion.php', 32)
 2 SYSTEMPATH\View\View.php(213): include('APPPATH\\Views\\configuracion\\configuracion.php')
 3 SYSTEMPATH\View\View.php(216): CodeIgniter\View\View->CodeIgniter\View\{closure}()
 4 SYSTEMPATH\Common.php(1184): CodeIgniter\View\View->render('configuracion/configuracion', [], true)
 5 APPPATH\Controllers\Configuracion.php(46): view('configuracion/configuracion', [...])
 6 SYSTEMPATH\CodeIgniter.php(934): App\Controllers\Configuracion->index()
 7 SYSTEMPATH\CodeIgniter.php(499): CodeIgniter\CodeIgniter->runController(Object(App\Controllers\Configuracion))
 8 SYSTEMPATH\CodeIgniter.php(368): CodeIgniter\CodeIgniter->handleRequest(null, Object(Config\Cache), false)
 9 FCPATH\index.php(67): CodeIgniter\CodeIgniter->run()
CRITICAL - 2023-03-18 00:03:01 --> Undefined variable $nombre
in APPPATH\Views\configuracion\configuracion.php on line 32.
 1 APPPATH\Views\configuracion\configuracion.php(32): CodeIgniter\Debug\Exceptions->errorHandler(2, 'Undefined variable $nombre', 'APPPATH\\Views\\configuracion\\configuracion.php', 32)
 2 SYSTEMPATH\View\View.php(213): include('APPPATH\\Views\\configuracion\\configuracion.php')
 3 SYSTEMPATH\View\View.php(216): CodeIgniter\View\View->CodeIgniter\View\{closure}()
 4 SYSTEMPATH\Common.php(1184): CodeIgniter\View\View->render('configuracion/configuracion', [], true)
 5 APPPATH\Controllers\Configuracion.php(46): view('configuracion/configuracion', [...])
 6 SYSTEMPATH\CodeIgniter.php(934): App\Controllers\Configuracion->index()
 7 SYSTEMPATH\CodeIgniter.php(499): CodeIgniter\CodeIgniter->runController(Object(App\Controllers\Configuracion))
 8 SYSTEMPATH\CodeIgniter.php(368): CodeIgniter\CodeIgniter->handleRequest(null, Object(Config\Cache), false)
 9 FCPATH\index.php(67): CodeIgniter\CodeIgniter->run()
CRITICAL - 2023-03-18 00:03:09 --> Undefined variable $nombre
in APPPATH\Views\configuracion\configuracion.php on line 32.
 1 APPPATH\Views\configuracion\configuracion.php(32): CodeIgniter\Debug\Exceptions->errorHandler(2, 'Undefined variable $nombre', 'APPPATH\\Views\\configuracion\\configuracion.php', 32)
 2 SYSTEMPATH\View\View.php(213): include('APPPATH\\Views\\configuracion\\configuracion.php')
 3 SYSTEMPATH\View\View.php(216): CodeIgniter\View\View->CodeIgniter\View\{closure}()
 4 SYSTEMPATH\Common.php(1184): CodeIgniter\View\View->render('configuracion/configuracion', [], true)
 5 APPPATH\Controllers\Configuracion.php(46): view('configuracion/configuracion', [...])
 6 SYSTEMPATH\CodeIgniter.php(934): App\Controllers\Configuracion->index()
 7 SYSTEMPATH\CodeIgniter.php(499): CodeIgniter\CodeIgniter->runController(Object(App\Controllers\Configuracion))
 8 SYSTEMPATH\CodeIgniter.php(368): CodeIgniter\CodeIgniter->handleRequest(null, Object(Config\Cache), false)
 9 FCPATH\index.php(67): CodeIgniter\CodeIgniter->run()
CRITICAL - 2023-03-18 00:03:11 --> Undefined variable $nombre
in APPPATH\Views\configuracion\configuracion.php on line 32.
 1 APPPATH\Views\configuracion\configuracion.php(32): CodeIgniter\Debug\Exceptions->errorHandler(2, 'Undefined variable $nombre', 'APPPATH\\Views\\configuracion\\configuracion.php', 32)
 2 SYSTEMPATH\View\View.php(213): include('APPPATH\\Views\\configuracion\\configuracion.php')
 3 SYSTEMPATH\View\View.php(216): CodeIgniter\View\View->CodeIgniter\View\{closure}()
 4 SYSTEMPATH\Common.php(1184): CodeIgniter\View\View->render('configuracion/configuracion', [], true)
 5 APPPATH\Controllers\Configuracion.php(46): view('configuracion/configuracion', [...])
 6 SYSTEMPATH\CodeIgniter.php(934): App\Controllers\Configuracion->index()
 7 SYSTEMPATH\CodeIgniter.php(499): CodeIgniter\CodeIgniter->runController(Object(App\Controllers\Configuracion))
 8 SYSTEMPATH\CodeIgniter.php(368): CodeIgniter\CodeIgniter->handleRequest(null, Object(Config\Cache), false)
 9 FCPATH\index.php(67): CodeIgniter\CodeIgniter->run()
CRITICAL - 2023-03-18 00:03:34 --> Undefined variable $nombre
in APPPATH\Views\configuracion\configuracion.php on line 32.
 1 APPPATH\Views\configuracion\configuracion.php(32): CodeIgniter\Debug\Exceptions->errorHandler(2, 'Undefined variable $nombre', 'APPPATH\\Views\\configuracion\\configuracion.php', 32)
 2 SYSTEMPATH\View\View.php(213): include('APPPATH\\Views\\configuracion\\configuracion.php')
 3 SYSTEMPATH\View\View.php(216): CodeIgniter\View\View->CodeIgniter\View\{closure}()
 4 SYSTEMPATH\Common.php(1184): CodeIgniter\View\View->render('configuracion/configuracion', [], true)
 5 APPPATH\Controllers\Configuracion.php(46): view('configuracion/configuracion', [...])
 6 SYSTEMPATH\CodeIgniter.php(934): App\Controllers\Configuracion->index()
 7 SYSTEMPATH\CodeIgniter.php(499): CodeIgniter\CodeIgniter->runController(Object(App\Controllers\Configuracion))
 8 SYSTEMPATH\CodeIgniter.php(368): CodeIgniter\CodeIgniter->handleRequest(null, Object(Config\Cache), false)
 9 FCPATH\index.php(67): CodeIgniter\CodeIgniter->run()
CRITICAL - 2023-03-18 00:03:35 --> Undefined variable $nombre
in APPPATH\Views\configuracion\configuracion.php on line 32.
 1 APPPATH\Views\configuracion\configuracion.php(32): CodeIgniter\Debug\Exceptions->errorHandler(2, 'Undefined variable $nombre', 'APPPATH\\Views\\configuracion\\configuracion.php', 32)
 2 SYSTEMPATH\View\View.php(213): include('APPPATH\\Views\\configuracion\\configuracion.php')
 3 SYSTEMPATH\View\View.php(216): CodeIgniter\View\View->CodeIgniter\View\{closure}()
 4 SYSTEMPATH\Common.php(1184): CodeIgniter\View\View->render('configuracion/configuracion', [], true)
 5 APPPATH\Controllers\Configuracion.php(46): view('configuracion/configuracion', [...])
 6 SYSTEMPATH\CodeIgniter.php(934): App\Controllers\Configuracion->index()
 7 SYSTEMPATH\CodeIgniter.php(499): CodeIgniter\CodeIgniter->runController(Object(App\Controllers\Configuracion))
 8 SYSTEMPATH\CodeIgniter.php(368): CodeIgniter\CodeIgniter->handleRequest(null, Object(Config\Cache), false)
 9 FCPATH\index.php(67): CodeIgniter\CodeIgniter->run()
CRITICAL - 2023-03-18 00:05:34 --> Undefined variable $nombre
in APPPATH\Views\configuracion\configuracion.php on line 32.
 1 APPPATH\Views\configuracion\configuracion.php(32): CodeIgniter\Debug\Exceptions->errorHandler(2, 'Undefined variable $nombre', 'APPPATH\\Views\\configuracion\\configuracion.php', 32)
 2 SYSTEMPATH\View\View.php(213): include('APPPATH\\Views\\configuracion\\configuracion.php')
 3 SYSTEMPATH\View\View.php(216): CodeIgniter\View\View->CodeIgniter\View\{closure}()
 4 SYSTEMPATH\Common.php(1184): CodeIgniter\View\View->render('configuracion/configuracion', [], true)
 5 APPPATH\Controllers\Configuracion.php(46): view('configuracion/configuracion', [...])
 6 SYSTEMPATH\CodeIgniter.php(934): App\Controllers\Configuracion->index()
 7 SYSTEMPATH\CodeIgniter.php(499): CodeIgniter\CodeIgniter->runController(Object(App\Controllers\Configuracion))
 8 SYSTEMPATH\CodeIgniter.php(368): CodeIgniter\CodeIgniter->handleRequest(null, Object(Config\Cache), false)
 9 FCPATH\index.php(67): CodeIgniter\CodeIgniter->run()
CRITICAL - 2023-03-18 00:05:39 --> Undefined variable $nombre
in APPPATH\Views\configuracion\configuracion.php on line 32.
 1 APPPATH\Views\configuracion\configuracion.php(32): CodeIgniter\Debug\Exceptions->errorHandler(2, 'Undefined variable $nombre', 'APPPATH\\Views\\configuracion\\configuracion.php', 32)
 2 SYSTEMPATH\View\View.php(213): include('APPPATH\\Views\\configuracion\\configuracion.php')
 3 SYSTEMPATH\View\View.php(216): CodeIgniter\View\View->CodeIgniter\View\{closure}()
 4 SYSTEMPATH\Common.php(1184): CodeIgniter\View\View->render('configuracion/configuracion', [], true)
 5 APPPATH\Controllers\Configuracion.php(46): view('configuracion/configuracion', [...])
 6 SYSTEMPATH\CodeIgniter.php(934): App\Controllers\Configuracion->index()
 7 SYSTEMPATH\CodeIgniter.php(499): CodeIgniter\CodeIgniter->runController(Object(App\Controllers\Configuracion))
 8 SYSTEMPATH\CodeIgniter.php(368): CodeIgniter\CodeIgniter->handleRequest(null, Object(Config\Cache), false)
 9 FCPATH\index.php(67): CodeIgniter\CodeIgniter->run()
CRITICAL - 2023-03-18 00:05:41 --> Undefined variable $nombre
in APPPATH\Views\configuracion\configuracion.php on line 32.
 1 APPPATH\Views\configuracion\configuracion.php(32): CodeIgniter\Debug\Exceptions->errorHandler(2, 'Undefined variable $nombre', 'APPPATH\\Views\\configuracion\\configuracion.php', 32)
 2 SYSTEMPATH\View\View.php(213): include('APPPATH\\Views\\configuracion\\configuracion.php')
 3 SYSTEMPATH\View\View.php(216): CodeIgniter\View\View->CodeIgniter\View\{closure}()
 4 SYSTEMPATH\Common.php(1184): CodeIgniter\View\View->render('configuracion/configuracion', [], true)
 5 APPPATH\Controllers\Configuracion.php(46): view('configuracion/configuracion', [...])
 6 SYSTEMPATH\CodeIgniter.php(934): App\Controllers\Configuracion->index()
 7 SYSTEMPATH\CodeIgniter.php(499): CodeIgniter\CodeIgniter->runController(Object(App\Controllers\Configuracion))
 8 SYSTEMPATH\CodeIgniter.php(368): CodeIgniter\CodeIgniter->handleRequest(null, Object(Config\Cache), false)
 9 FCPATH\index.php(67): CodeIgniter\CodeIgniter->run()
CRITICAL - 2023-03-18 00:05:44 --> Undefined variable $nombre
in APPPATH\Views\configuracion\configuracion.php on line 32.
 1 APPPATH\Views\configuracion\configuracion.php(32): CodeIgniter\Debug\Exceptions->errorHandler(2, 'Undefined variable $nombre', 'APPPATH\\Views\\configuracion\\configuracion.php', 32)
 2 SYSTEMPATH\View\View.php(213): include('APPPATH\\Views\\configuracion\\configuracion.php')
 3 SYSTEMPATH\View\View.php(216): CodeIgniter\View\View->CodeIgniter\View\{closure}()
 4 SYSTEMPATH\Common.php(1184): CodeIgniter\View\View->render('configuracion/configuracion', [], true)
 5 APPPATH\Controllers\Configuracion.php(46): view('configuracion/configuracion', [...])
 6 SYSTEMPATH\CodeIgniter.php(934): App\Controllers\Configuracion->index()
 7 SYSTEMPATH\CodeIgniter.php(499): CodeIgniter\CodeIgniter->runController(Object(App\Controllers\Configuracion))
 8 SYSTEMPATH\CodeIgniter.php(368): CodeIgniter\CodeIgniter->handleRequest(null, Object(Config\Cache), false)
 9 FCPATH\index.php(67): CodeIgniter\CodeIgniter->run()
CRITICAL - 2023-03-18 00:05:51 --> Undefined variable $nombre
in APPPATH\Views\configuracion\configuracion.php on line 32.
 1 APPPATH\Views\configuracion\configuracion.php(32): CodeIgniter\Debug\Exceptions->errorHandler(2, 'Undefined variable $nombre', 'APPPATH\\Views\\configuracion\\configuracion.php', 32)
 2 SYSTEMPATH\View\View.php(213): include('APPPATH\\Views\\configuracion\\configuracion.php')
 3 SYSTEMPATH\View\View.php(216): CodeIgniter\View\View->CodeIgniter\View\{closure}()
 4 SYSTEMPATH\Common.php(1184): CodeIgniter\View\View->render('configuracion/configuracion', [], true)
 5 APPPATH\Controllers\Configuracion.php(46): view('configuracion/configuracion', [...])
 6 SYSTEMPATH\CodeIgniter.php(934): App\Controllers\Configuracion->index()
 7 SYSTEMPATH\CodeIgniter.php(499): CodeIgniter\CodeIgniter->runController(Object(App\Controllers\Configuracion))
 8 SYSTEMPATH\CodeIgniter.php(368): CodeIgniter\CodeIgniter->handleRequest(null, Object(Config\Cache), false)
 9 FCPATH\index.php(67): CodeIgniter\CodeIgniter->run()
CRITICAL - 2023-03-18 00:06:13 --> Undefined variable $nombre
in APPPATH\Views\configuracion\configuracion.php on line 32.
 1 APPPATH\Views\configuracion\configuracion.php(32): CodeIgniter\Debug\Exceptions->errorHandler(2, 'Undefined variable $nombre', 'APPPATH\\Views\\configuracion\\configuracion.php', 32)
 2 SYSTEMPATH\View\View.php(213): include('APPPATH\\Views\\configuracion\\configuracion.php')
 3 SYSTEMPATH\View\View.php(216): CodeIgniter\View\View->CodeIgniter\View\{closure}()
 4 SYSTEMPATH\Common.php(1184): CodeIgniter\View\View->render('configuracion/configuracion', [], true)
 5 APPPATH\Controllers\Configuracion.php(46): view('configuracion/configuracion', [...])
 6 SYSTEMPATH\CodeIgniter.php(934): App\Controllers\Configuracion->index()
 7 SYSTEMPATH\CodeIgniter.php(499): CodeIgniter\CodeIgniter->runController(Object(App\Controllers\Configuracion))
 8 SYSTEMPATH\CodeIgniter.php(368): CodeIgniter\CodeIgniter->handleRequest(null, Object(Config\Cache), false)
 9 FCPATH\index.php(67): CodeIgniter\CodeIgniter->run()
CRITICAL - 2023-03-18 00:06:15 --> Undefined variable $nombre
in APPPATH\Views\configuracion\configuracion.php on line 32.
 1 APPPATH\Views\configuracion\configuracion.php(32): CodeIgniter\Debug\Exceptions->errorHandler(2, 'Undefined variable $nombre', 'APPPATH\\Views\\configuracion\\configuracion.php', 32)
 2 SYSTEMPATH\View\View.php(213): include('APPPATH\\Views\\configuracion\\configuracion.php')
 3 SYSTEMPATH\View\View.php(216): CodeIgniter\View\View->CodeIgniter\View\{closure}()
 4 SYSTEMPATH\Common.php(1184): CodeIgniter\View\View->render('configuracion/configuracion', [], true)
 5 APPPATH\Controllers\Configuracion.php(46): view('configuracion/configuracion', [...])
 6 SYSTEMPATH\CodeIgniter.php(934): App\Controllers\Configuracion->index()
 7 SYSTEMPATH\CodeIgniter.php(499): CodeIgniter\CodeIgniter->runController(Object(App\Controllers\Configuracion))
 8 SYSTEMPATH\CodeIgniter.php(368): CodeIgniter\CodeIgniter->handleRequest(null, Object(Config\Cache), false)
 9 FCPATH\index.php(67): CodeIgniter\CodeIgniter->run()
CRITICAL - 2023-03-18 00:06:16 --> syntax error, unexpected token "[", expecting variable or "{" or "$"
in APPPATH\Views\configuracion\configuracion.php on line 48.
 1 SYSTEMPATH\View\View.php(216): CodeIgniter\View\View->CodeIgniter\View\{closure}()
 2 SYSTEMPATH\Common.php(1184): CodeIgniter\View\View->render('configuracion/configuracion', [], true)
 3 APPPATH\Controllers\Configuracion.php(46): view('configuracion/configuracion', [...])
 4 SYSTEMPATH\CodeIgniter.php(934): App\Controllers\Configuracion->index()
 5 SYSTEMPATH\CodeIgniter.php(499): CodeIgniter\CodeIgniter->runController(Object(App\Controllers\Configuracion))
 6 SYSTEMPATH\CodeIgniter.php(368): CodeIgniter\CodeIgniter->handleRequest(null, Object(Config\Cache), false)
 7 FCPATH\index.php(67): CodeIgniter\CodeIgniter->run()
CRITICAL - 2023-03-18 00:06:18 --> Undefined variable $nombre
in APPPATH\Views\configuracion\configuracion.php on line 32.
 1 APPPATH\Views\configuracion\configuracion.php(32): CodeIgniter\Debug\Exceptions->errorHandler(2, 'Undefined variable $nombre', 'APPPATH\\Views\\configuracion\\configuracion.php', 32)
 2 SYSTEMPATH\View\View.php(213): include('APPPATH\\Views\\configuracion\\configuracion.php')
 3 SYSTEMPATH\View\View.php(216): CodeIgniter\View\View->CodeIgniter\View\{closure}()
 4 SYSTEMPATH\Common.php(1184): CodeIgniter\View\View->render('configuracion/configuracion', [], true)
 5 APPPATH\Controllers\Configuracion.php(46): view('configuracion/configuracion', [...])
 6 SYSTEMPATH\CodeIgniter.php(934): App\Controllers\Configuracion->index()
 7 SYSTEMPATH\CodeIgniter.php(499): CodeIgniter\CodeIgniter->runController(Object(App\Controllers\Configuracion))
 8 SYSTEMPATH\CodeIgniter.php(368): CodeIgniter\CodeIgniter->handleRequest(null, Object(Config\Cache), false)
 9 FCPATH\index.php(67): CodeIgniter\CodeIgniter->run()
CRITICAL - 2023-03-18 00:07:05 --> Undefined variable $nombre
in APPPATH\Views\configuracion\configuracion.php on line 32.
 1 APPPATH\Views\configuracion\configuracion.php(32): CodeIgniter\Debug\Exceptions->errorHandler(2, 'Undefined variable $nombre', 'APPPATH\\Views\\configuracion\\configuracion.php', 32)
 2 SYSTEMPATH\View\View.php(213): include('APPPATH\\Views\\configuracion\\configuracion.php')
 3 SYSTEMPATH\View\View.php(216): CodeIgniter\View\View->CodeIgniter\View\{closure}()
 4 SYSTEMPATH\Common.php(1184): CodeIgniter\View\View->render('configuracion/configuracion', [], true)
 5 APPPATH\Controllers\Configuracion.php(46): view('configuracion/configuracion', [...])
 6 SYSTEMPATH\CodeIgniter.php(934): App\Controllers\Configuracion->index()
 7 SYSTEMPATH\CodeIgniter.php(499): CodeIgniter\CodeIgniter->runController(Object(App\Controllers\Configuracion))
 8 SYSTEMPATH\CodeIgniter.php(368): CodeIgniter\CodeIgniter->handleRequest(null, Object(Config\Cache), false)
 9 FCPATH\index.php(67): CodeIgniter\CodeIgniter->run()
CRITICAL - 2023-03-18 00:07:06 --> Undefined variable $nombre
in APPPATH\Views\configuracion\configuracion.php on line 32.
 1 APPPATH\Views\configuracion\configuracion.php(32): CodeIgniter\Debug\Exceptions->errorHandler(2, 'Undefined variable $nombre', 'APPPATH\\Views\\configuracion\\configuracion.php', 32)
 2 SYSTEMPATH\View\View.php(213): include('APPPATH\\Views\\configuracion\\configuracion.php')
 3 SYSTEMPATH\View\View.php(216): CodeIgniter\View\View->CodeIgniter\View\{closure}()
 4 SYSTEMPATH\Common.php(1184): CodeIgniter\View\View->render('configuracion/configuracion', [], true)
 5 APPPATH\Controllers\Configuracion.php(46): view('configuracion/configuracion', [...])
 6 SYSTEMPATH\CodeIgniter.php(934): App\Controllers\Configuracion->index()
 7 SYSTEMPATH\CodeIgniter.php(499): CodeIgniter\CodeIgniter->runController(Object(App\Controllers\Configuracion))
 8 SYSTEMPATH\CodeIgniter.php(368): CodeIgniter\CodeIgniter->handleRequest(null, Object(Config\Cache), false)
 9 FCPATH\index.php(67): CodeIgniter\CodeIgniter->run()
CRITICAL - 2023-03-18 00:07:29 --> Undefined variable $nombre
in APPPATH\Views\configuracion\configuracion.php on line 32.
 1 APPPATH\Views\configuracion\configuracion.php(32): CodeIgniter\Debug\Exceptions->errorHandler(2, 'Undefined variable $nombre', 'APPPATH\\Views\\configuracion\\configuracion.php', 32)
 2 SYSTEMPATH\View\View.php(213): include('APPPATH\\Views\\configuracion\\configuracion.php')
 3 SYSTEMPATH\View\View.php(216): CodeIgniter\View\View->CodeIgniter\View\{closure}()
 4 SYSTEMPATH\Common.php(1184): CodeIgniter\View\View->render('configuracion/configuracion', [], true)
 5 APPPATH\Controllers\Configuracion.php(46): view('configuracion/configuracion', [...])
 6 SYSTEMPATH\CodeIgniter.php(934): App\Controllers\Configuracion->index()
 7 SYSTEMPATH\CodeIgniter.php(499): CodeIgniter\CodeIgniter->runController(Object(App\Controllers\Configuracion))
 8 SYSTEMPATH\CodeIgniter.php(368): CodeIgniter\CodeIgniter->handleRequest(null, Object(Config\Cache), false)
 9 FCPATH\index.php(67): CodeIgniter\CodeIgniter->run()
CRITICAL - 2023-03-18 00:07:31 --> Undefined variable $nombre
in APPPATH\Views\configuracion\configuracion.php on line 32.
 1 APPPATH\Views\configuracion\configuracion.php(32): CodeIgniter\Debug\Exceptions->errorHandler(2, 'Undefined variable $nombre', 'APPPATH\\Views\\configuracion\\configuracion.php', 32)
 2 SYSTEMPATH\View\View.php(213): include('APPPATH\\Views\\configuracion\\configuracion.php')
 3 SYSTEMPATH\View\View.php(216): CodeIgniter\View\View->CodeIgniter\View\{closure}()
 4 SYSTEMPATH\Common.php(1184): CodeIgniter\View\View->render('configuracion/configuracion', [], true)
 5 APPPATH\Controllers\Configuracion.php(46): view('configuracion/configuracion', [...])
 6 SYSTEMPATH\CodeIgniter.php(934): App\Controllers\Configuracion->index()
 7 SYSTEMPATH\CodeIgniter.php(499): CodeIgniter\CodeIgniter->runController(Object(App\Controllers\Configuracion))
 8 SYSTEMPATH\CodeIgniter.php(368): CodeIgniter\CodeIgniter->handleRequest(null, Object(Config\Cache), false)
 9 FCPATH\index.php(67): CodeIgniter\CodeIgniter->run()
CRITICAL - 2023-03-18 00:07:55 --> Undefined variable $nombre
in APPPATH\Views\configuracion\configuracion.php on line 32.
 1 APPPATH\Views\configuracion\configuracion.php(32): CodeIgniter\Debug\Exceptions->errorHandler(2, 'Undefined variable $nombre', 'APPPATH\\Views\\configuracion\\configuracion.php', 32)
 2 SYSTEMPATH\View\View.php(213): include('APPPATH\\Views\\configuracion\\configuracion.php')
 3 SYSTEMPATH\View\View.php(216): CodeIgniter\View\View->CodeIgniter\View\{closure}()
 4 SYSTEMPATH\Common.php(1184): CodeIgniter\View\View->render('configuracion/configuracion', [], true)
 5 APPPATH\Controllers\Configuracion.php(46): view('configuracion/configuracion', [...])
 6 SYSTEMPATH\CodeIgniter.php(934): App\Controllers\Configuracion->index()
 7 SYSTEMPATH\CodeIgniter.php(499): CodeIgniter\CodeIgniter->runController(Object(App\Controllers\Configuracion))
 8 SYSTEMPATH\CodeIgniter.php(368): CodeIgniter\CodeIgniter->handleRequest(null, Object(Config\Cache), false)
 9 FCPATH\index.php(67): CodeIgniter\CodeIgniter->run()
CRITICAL - 2023-03-18 00:07:56 --> Undefined variable $nombre
in APPPATH\Views\configuracion\configuracion.php on line 32.
 1 APPPATH\Views\configuracion\configuracion.php(32): CodeIgniter\Debug\Exceptions->errorHandler(2, 'Undefined variable $nombre', 'APPPATH\\Views\\configuracion\\configuracion.php', 32)
 2 SYSTEMPATH\View\View.php(213): include('APPPATH\\Views\\configuracion\\configuracion.php')
 3 SYSTEMPATH\View\View.php(216): CodeIgniter\View\View->CodeIgniter\View\{closure}()
 4 SYSTEMPATH\Common.php(1184): CodeIgniter\View\View->render('configuracion/configuracion', [], true)
 5 APPPATH\Controllers\Configuracion.php(46): view('configuracion/configuracion', [...])
 6 SYSTEMPATH\CodeIgniter.php(934): App\Controllers\Configuracion->index()
 7 SYSTEMPATH\CodeIgniter.php(499): CodeIgniter\CodeIgniter->runController(Object(App\Controllers\Configuracion))
 8 SYSTEMPATH\CodeIgniter.php(368): CodeIgniter\CodeIgniter->handleRequest(null, Object(Config\Cache), false)
 9 FCPATH\index.php(67): CodeIgniter\CodeIgniter->run()
CRITICAL - 2023-03-18 00:08:03 --> Undefined variable $nombre
in APPPATH\Views\configuracion\configuracion.php on line 32.
 1 APPPATH\Views\configuracion\configuracion.php(32): CodeIgniter\Debug\Exceptions->errorHandler(2, 'Undefined variable $nombre', 'APPPATH\\Views\\configuracion\\configuracion.php', 32)
 2 SYSTEMPATH\View\View.php(213): include('APPPATH\\Views\\configuracion\\configuracion.php')
 3 SYSTEMPATH\View\View.php(216): CodeIgniter\View\View->CodeIgniter\View\{closure}()
 4 SYSTEMPATH\Common.php(1184): CodeIgniter\View\View->render('configuracion/configuracion', [], true)
 5 APPPATH\Controllers\Configuracion.php(46): view('configuracion/configuracion', [...])
 6 SYSTEMPATH\CodeIgniter.php(934): App\Controllers\Configuracion->index()
 7 SYSTEMPATH\CodeIgniter.php(499): CodeIgniter\CodeIgniter->runController(Object(App\Controllers\Configuracion))
 8 SYSTEMPATH\CodeIgniter.php(368): CodeIgniter\CodeIgniter->handleRequest(null, Object(Config\Cache), false)
 9 FCPATH\index.php(67): CodeIgniter\CodeIgniter->run()
CRITICAL - 2023-03-18 00:08:05 --> Undefined variable $nombre
in APPPATH\Views\configuracion\configuracion.php on line 32.
 1 APPPATH\Views\configuracion\configuracion.php(32): CodeIgniter\Debug\Exceptions->errorHandler(2, 'Undefined variable $nombre', 'APPPATH\\Views\\configuracion\\configuracion.php', 32)
 2 SYSTEMPATH\View\View.php(213): include('APPPATH\\Views\\configuracion\\configuracion.php')
 3 SYSTEMPATH\View\View.php(216): CodeIgniter\View\View->CodeIgniter\View\{closure}()
 4 SYSTEMPATH\Common.php(1184): CodeIgniter\View\View->render('configuracion/configuracion', [], true)
 5 APPPATH\Controllers\Configuracion.php(46): view('configuracion/configuracion', [...])
 6 SYSTEMPATH\CodeIgniter.php(934): App\Controllers\Configuracion->index()
 7 SYSTEMPATH\CodeIgniter.php(499): CodeIgniter\CodeIgniter->runController(Object(App\Controllers\Configuracion))
 8 SYSTEMPATH\CodeIgniter.php(368): CodeIgniter\CodeIgniter->handleRequest(null, Object(Config\Cache), false)
 9 FCPATH\index.php(67): CodeIgniter\CodeIgniter->run()
CRITICAL - 2023-03-18 00:08:26 --> Undefined variable $nombre
in APPPATH\Views\configuracion\configuracion.php on line 32.
 1 APPPATH\Views\configuracion\configuracion.php(32): CodeIgniter\Debug\Exceptions->errorHandler(2, 'Undefined variable $nombre', 'APPPATH\\Views\\configuracion\\configuracion.php', 32)
 2 SYSTEMPATH\View\View.php(213): include('APPPATH\\Views\\configuracion\\configuracion.php')
 3 SYSTEMPATH\View\View.php(216): CodeIgniter\View\View->CodeIgniter\View\{closure}()
 4 SYSTEMPATH\Common.php(1184): CodeIgniter\View\View->render('configuracion/configuracion', [], true)
 5 APPPATH\Controllers\Configuracion.php(46): view('configuracion/configuracion', [...])
 6 SYSTEMPATH\CodeIgniter.php(934): App\Controllers\Configuracion->index()
 7 SYSTEMPATH\CodeIgniter.php(499): CodeIgniter\CodeIgniter->runController(Object(App\Controllers\Configuracion))
 8 SYSTEMPATH\CodeIgniter.php(368): CodeIgniter\CodeIgniter->handleRequest(null, Object(Config\Cache), false)
 9 FCPATH\index.php(67): CodeIgniter\CodeIgniter->run()
CRITICAL - 2023-03-18 00:08:33 --> Undefined variable $nombre
in APPPATH\Views\configuracion\configuracion.php on line 32.
 1 APPPATH\Views\configuracion\configuracion.php(32): CodeIgniter\Debug\Exceptions->errorHandler(2, 'Undefined variable $nombre', 'APPPATH\\Views\\configuracion\\configuracion.php', 32)
 2 SYSTEMPATH\View\View.php(213): include('APPPATH\\Views\\configuracion\\configuracion.php')
 3 SYSTEMPATH\View\View.php(216): CodeIgniter\View\View->CodeIgniter\View\{closure}()
 4 SYSTEMPATH\Common.php(1184): CodeIgniter\View\View->render('configuracion/configuracion', [], true)
 5 APPPATH\Controllers\Configuracion.php(46): view('configuracion/configuracion', [...])
 6 SYSTEMPATH\CodeIgniter.php(934): App\Controllers\Configuracion->index()
 7 SYSTEMPATH\CodeIgniter.php(499): CodeIgniter\CodeIgniter->runController(Object(App\Controllers\Configuracion))
 8 SYSTEMPATH\CodeIgniter.php(368): CodeIgniter\CodeIgniter->handleRequest(null, Object(Config\Cache), false)
 9 FCPATH\index.php(67): CodeIgniter\CodeIgniter->run()
CRITICAL - 2023-03-18 00:08:37 --> Undefined variable $nombre
in APPPATH\Views\configuracion\configuracion.php on line 32.
 1 APPPATH\Views\configuracion\configuracion.php(32): CodeIgniter\Debug\Exceptions->errorHandler(2, 'Undefined variable $nombre', 'APPPATH\\Views\\configuracion\\configuracion.php', 32)
 2 SYSTEMPATH\View\View.php(213): include('APPPATH\\Views\\configuracion\\configuracion.php')
 3 SYSTEMPATH\View\View.php(216): CodeIgniter\View\View->CodeIgniter\View\{closure}()
 4 SYSTEMPATH\Common.php(1184): CodeIgniter\View\View->render('configuracion/configuracion', [], true)
 5 APPPATH\Controllers\Configuracion.php(46): view('configuracion/configuracion', [...])
 6 SYSTEMPATH\CodeIgniter.php(934): App\Controllers\Configuracion->index()
 7 SYSTEMPATH\CodeIgniter.php(499): CodeIgniter\CodeIgniter->runController(Object(App\Controllers\Configuracion))
 8 SYSTEMPATH\CodeIgniter.php(368): CodeIgniter\CodeIgniter->handleRequest(null, Object(Config\Cache), false)
 9 FCPATH\index.php(67): CodeIgniter\CodeIgniter->run()
CRITICAL - 2023-03-18 00:08:45 --> syntax error, unexpected token "[", expecting variable or "{" or "$"
in APPPATH\Views\configuracion\configuracion.php on line 56.
 1 SYSTEMPATH\View\View.php(216): CodeIgniter\View\View->CodeIgniter\View\{closure}()
 2 SYSTEMPATH\Common.php(1184): CodeIgniter\View\View->render('configuracion/configuracion', [], true)
 3 APPPATH\Controllers\Configuracion.php(46): view('configuracion/configuracion', [...])
 4 SYSTEMPATH\CodeIgniter.php(934): App\Controllers\Configuracion->index()
 5 SYSTEMPATH\CodeIgniter.php(499): CodeIgniter\CodeIgniter->runController(Object(App\Controllers\Configuracion))
 6 SYSTEMPATH\CodeIgniter.php(368): CodeIgniter\CodeIgniter->handleRequest(null, Object(Config\Cache), false)
 7 FCPATH\index.php(67): CodeIgniter\CodeIgniter->run()
CRITICAL - 2023-03-18 00:08:56 --> Undefined variable $nombre
in APPPATH\Views\configuracion\configuracion.php on line 32.
 1 APPPATH\Views\configuracion\configuracion.php(32): CodeIgniter\Debug\Exceptions->errorHandler(2, 'Undefined variable $nombre', 'APPPATH\\Views\\configuracion\\configuracion.php', 32)
 2 SYSTEMPATH\View\View.php(213): include('APPPATH\\Views\\configuracion\\configuracion.php')
 3 SYSTEMPATH\View\View.php(216): CodeIgniter\View\View->CodeIgniter\View\{closure}()
 4 SYSTEMPATH\Common.php(1184): CodeIgniter\View\View->render('configuracion/configuracion', [], true)
 5 APPPATH\Controllers\Configuracion.php(46): view('configuracion/configuracion', [...])
 6 SYSTEMPATH\CodeIgniter.php(934): App\Controllers\Configuracion->index()
 7 SYSTEMPATH\CodeIgniter.php(499): CodeIgniter\CodeIgniter->runController(Object(App\Controllers\Configuracion))
 8 SYSTEMPATH\CodeIgniter.php(368): CodeIgniter\CodeIgniter->handleRequest(null, Object(Config\Cache), false)
 9 FCPATH\index.php(67): CodeIgniter\CodeIgniter->run()
CRITICAL - 2023-03-18 00:09:03 --> Undefined variable $nombre
in APPPATH\Views\configuracion\configuracion.php on line 32.
 1 APPPATH\Views\configuracion\configuracion.php(32): CodeIgniter\Debug\Exceptions->errorHandler(2, 'Undefined variable $nombre', 'APPPATH\\Views\\configuracion\\configuracion.php', 32)
 2 SYSTEMPATH\View\View.php(213): include('APPPATH\\Views\\configuracion\\configuracion.php')
 3 SYSTEMPATH\View\View.php(216): CodeIgniter\View\View->CodeIgniter\View\{closure}()
 4 SYSTEMPATH\Common.php(1184): CodeIgniter\View\View->render('configuracion/configuracion', [], true)
 5 APPPATH\Controllers\Configuracion.php(46): view('configuracion/configuracion', [...])
 6 SYSTEMPATH\CodeIgniter.php(934): App\Controllers\Configuracion->index()
 7 SYSTEMPATH\CodeIgniter.php(499): CodeIgniter\CodeIgniter->runController(Object(App\Controllers\Configuracion))
 8 SYSTEMPATH\CodeIgniter.php(368): CodeIgniter\CodeIgniter->handleRequest(null, Object(Config\Cache), false)
 9 FCPATH\index.php(67): CodeIgniter\CodeIgniter->run()
CRITICAL - 2023-03-18 00:09:05 --> Undefined variable $nombre
in APPPATH\Views\configuracion\configuracion.php on line 32.
 1 APPPATH\Views\configuracion\configuracion.php(32): CodeIgniter\Debug\Exceptions->errorHandler(2, 'Undefined variable $nombre', 'APPPATH\\Views\\configuracion\\configuracion.php', 32)
 2 SYSTEMPATH\View\View.php(213): include('APPPATH\\Views\\configuracion\\configuracion.php')
 3 SYSTEMPATH\View\View.php(216): CodeIgniter\View\View->CodeIgniter\View\{closure}()
 4 SYSTEMPATH\Common.php(1184): CodeIgniter\View\View->render('configuracion/configuracion', [], true)
 5 APPPATH\Controllers\Configuracion.php(46): view('configuracion/configuracion', [...])
 6 SYSTEMPATH\CodeIgniter.php(934): App\Controllers\Configuracion->index()
 7 SYSTEMPATH\CodeIgniter.php(499): CodeIgniter\CodeIgniter->runController(Object(App\Controllers\Configuracion))
 8 SYSTEMPATH\CodeIgniter.php(368): CodeIgniter\CodeIgniter->handleRequest(null, Object(Config\Cache), false)
 9 FCPATH\index.php(67): CodeIgniter\CodeIgniter->run()
CRITICAL - 2023-03-18 00:09:06 --> Undefined variable $nombre
in APPPATH\Views\configuracion\configuracion.php on line 32.
 1 APPPATH\Views\configuracion\configuracion.php(32): CodeIgniter\Debug\Exceptions->errorHandler(2, 'Undefined variable $nombre', 'APPPATH\\Views\\configuracion\\configuracion.php', 32)
 2 SYSTEMPATH\View\View.php(213): include('APPPATH\\Views\\configuracion\\configuracion.php')
 3 SYSTEMPATH\View\View.php(216): CodeIgniter\View\View->CodeIgniter\View\{closure}()
 4 SYSTEMPATH\Common.php(1184): CodeIgniter\View\View->render('configuracion/configuracion', [], true)
 5 APPPATH\Controllers\Configuracion.php(46): view('configuracion/configuracion', [...])
 6 SYSTEMPATH\CodeIgniter.php(934): App\Controllers\Configuracion->index()
 7 SYSTEMPATH\CodeIgniter.php(499): CodeIgniter\CodeIgniter->runController(Object(App\Controllers\Configuracion))
 8 SYSTEMPATH\CodeIgniter.php(368): CodeIgniter\CodeIgniter->handleRequest(null, Object(Config\Cache), false)
 9 FCPATH\index.php(67): CodeIgniter\CodeIgniter->run()
CRITICAL - 2023-03-18 00:09:30 --> Undefined variable $nombre
in APPPATH\Views\configuracion\configuracion.php on line 32.
 1 APPPATH\Views\configuracion\configuracion.php(32): CodeIgniter\Debug\Exceptions->errorHandler(2, 'Undefined variable $nombre', 'APPPATH\\Views\\configuracion\\configuracion.php', 32)
 2 SYSTEMPATH\View\View.php(213): include('APPPATH\\Views\\configuracion\\configuracion.php')
 3 SYSTEMPATH\View\View.php(216): CodeIgniter\View\View->CodeIgniter\View\{closure}()
 4 SYSTEMPATH\Common.php(1184): CodeIgniter\View\View->render('configuracion/configuracion', [], true)
 5 APPPATH\Controllers\Configuracion.php(46): view('configuracion/configuracion', [...])
 6 SYSTEMPATH\CodeIgniter.php(934): App\Controllers\Configuracion->index()
 7 SYSTEMPATH\CodeIgniter.php(499): CodeIgniter\CodeIgniter->runController(Object(App\Controllers\Configuracion))
 8 SYSTEMPATH\CodeIgniter.php(368): CodeIgniter\CodeIgniter->handleRequest(null, Object(Config\Cache), false)
 9 FCPATH\index.php(67): CodeIgniter\CodeIgniter->run()
CRITICAL - 2023-03-18 00:09:54 --> Undefined variable $nombre
in APPPATH\Views\configuracion\configuracion.php on line 32.
 1 APPPATH\Views\configuracion\configuracion.php(32): CodeIgniter\Debug\Exceptions->errorHandler(2, 'Undefined variable $nombre', 'APPPATH\\Views\\configuracion\\configuracion.php', 32)
 2 SYSTEMPATH\View\View.php(213): include('APPPATH\\Views\\configuracion\\configuracion.php')
 3 SYSTEMPATH\View\View.php(216): CodeIgniter\View\View->CodeIgniter\View\{closure}()
 4 SYSTEMPATH\Common.php(1184): CodeIgniter\View\View->render('configuracion/configuracion', [], true)
 5 APPPATH\Controllers\Configuracion.php(46): view('configuracion/configuracion', [...])
 6 SYSTEMPATH\CodeIgniter.php(934): App\Controllers\Configuracion->index()
 7 SYSTEMPATH\CodeIgniter.php(499): CodeIgniter\CodeIgniter->runController(Object(App\Controllers\Configuracion))
 8 SYSTEMPATH\CodeIgniter.php(368): CodeIgniter\CodeIgniter->handleRequest(null, Object(Config\Cache), false)
 9 FCPATH\index.php(67): CodeIgniter\CodeIgniter->run()
CRITICAL - 2023-03-18 00:09:56 --> Undefined variable $nombre
in APPPATH\Views\configuracion\configuracion.php on line 32.
 1 APPPATH\Views\configuracion\configuracion.php(32): CodeIgniter\Debug\Exceptions->errorHandler(2, 'Undefined variable $nombre', 'APPPATH\\Views\\configuracion\\configuracion.php', 32)
 2 SYSTEMPATH\View\View.php(213): include('APPPATH\\Views\\configuracion\\configuracion.php')
 3 SYSTEMPATH\View\View.php(216): CodeIgniter\View\View->CodeIgniter\View\{closure}()
 4 SYSTEMPATH\Common.php(1184): CodeIgniter\View\View->render('configuracion/configuracion', [], true)
 5 APPPATH\Controllers\Configuracion.php(46): view('configuracion/configuracion', [...])
 6 SYSTEMPATH\CodeIgniter.php(934): App\Controllers\Configuracion->index()
 7 SYSTEMPATH\CodeIgniter.php(499): CodeIgniter\CodeIgniter->runController(Object(App\Controllers\Configuracion))
 8 SYSTEMPATH\CodeIgniter.php(368): CodeIgniter\CodeIgniter->handleRequest(null, Object(Config\Cache), false)
 9 FCPATH\index.php(67): CodeIgniter\CodeIgniter->run()
CRITICAL - 2023-03-18 00:09:58 --> Undefined variable $nombre
in APPPATH\Views\configuracion\configuracion.php on line 32.
 1 APPPATH\Views\configuracion\configuracion.php(32): CodeIgniter\Debug\Exceptions->errorHandler(2, 'Undefined variable $nombre', 'APPPATH\\Views\\configuracion\\configuracion.php', 32)
 2 SYSTEMPATH\View\View.php(213): include('APPPATH\\Views\\configuracion\\configuracion.php')
 3 SYSTEMPATH\View\View.php(216): CodeIgniter\View\View->CodeIgniter\View\{closure}()
 4 SYSTEMPATH\Common.php(1184): CodeIgniter\View\View->render('configuracion/configuracion', [], true)
 5 APPPATH\Controllers\Configuracion.php(46): view('configuracion/configuracion', [...])
 6 SYSTEMPATH\CodeIgniter.php(934): App\Controllers\Configuracion->index()
 7 SYSTEMPATH\CodeIgniter.php(499): CodeIgniter\CodeIgniter->runController(Object(App\Controllers\Configuracion))
 8 SYSTEMPATH\CodeIgniter.php(368): CodeIgniter\CodeIgniter->handleRequest(null, Object(Config\Cache), false)
 9 FCPATH\index.php(67): CodeIgniter\CodeIgniter->run()
CRITICAL - 2023-03-18 00:10:04 --> Undefined variable $nombre
in APPPATH\Views\configuracion\configuracion.php on line 32.
 1 APPPATH\Views\configuracion\configuracion.php(32): CodeIgniter\Debug\Exceptions->errorHandler(2, 'Undefined variable $nombre', 'APPPATH\\Views\\configuracion\\configuracion.php', 32)
 2 SYSTEMPATH\View\View.php(213): include('APPPATH\\Views\\configuracion\\configuracion.php')
 3 SYSTEMPATH\View\View.php(216): CodeIgniter\View\View->CodeIgniter\View\{closure}()
 4 SYSTEMPATH\Common.php(1184): CodeIgniter\View\View->render('configuracion/configuracion', [], true)
 5 APPPATH\Controllers\Configuracion.php(46): view('configuracion/configuracion', [...])
 6 SYSTEMPATH\CodeIgniter.php(934): App\Controllers\Configuracion->index()
 7 SYSTEMPATH\CodeIgniter.php(499): CodeIgniter\CodeIgniter->runController(Object(App\Controllers\Configuracion))
 8 SYSTEMPATH\CodeIgniter.php(368): CodeIgniter\CodeIgniter->handleRequest(null, Object(Config\Cache), false)
 9 FCPATH\index.php(67): CodeIgniter\CodeIgniter->run()
CRITICAL - 2023-03-18 00:10:17 --> Undefined variable $nombre
in APPPATH\Views\configuracion\configuracion.php on line 32.
 1 APPPATH\Views\configuracion\configuracion.php(32): CodeIgniter\Debug\Exceptions->errorHandler(2, 'Undefined variable $nombre', 'APPPATH\\Views\\configuracion\\configuracion.php', 32)
 2 SYSTEMPATH\View\View.php(213): include('APPPATH\\Views\\configuracion\\configuracion.php')
 3 SYSTEMPATH\View\View.php(216): CodeIgniter\View\View->CodeIgniter\View\{closure}()
 4 SYSTEMPATH\Common.php(1184): CodeIgniter\View\View->render('configuracion/configuracion', [], true)
 5 APPPATH\Controllers\Configuracion.php(46): view('configuracion/configuracion', [...])
 6 SYSTEMPATH\CodeIgniter.php(934): App\Controllers\Configuracion->index()
 7 SYSTEMPATH\CodeIgniter.php(499): CodeIgniter\CodeIgniter->runController(Object(App\Controllers\Configuracion))
 8 SYSTEMPATH\CodeIgniter.php(368): CodeIgniter\CodeIgniter->handleRequest(null, Object(Config\Cache), false)
 9 FCPATH\index.php(67): CodeIgniter\CodeIgniter->run()
CRITICAL - 2023-03-18 00:10:27 --> Undefined variable $nombre
in APPPATH\Views\configuracion\configuracion.php on line 32.
 1 APPPATH\Views\configuracion\configuracion.php(32): CodeIgniter\Debug\Exceptions->errorHandler(2, 'Undefined variable $nombre', 'APPPATH\\Views\\configuracion\\configuracion.php', 32)
 2 SYSTEMPATH\View\View.php(213): include('APPPATH\\Views\\configuracion\\configuracion.php')
 3 SYSTEMPATH\View\View.php(216): CodeIgniter\View\View->CodeIgniter\View\{closure}()
 4 SYSTEMPATH\Common.php(1184): CodeIgniter\View\View->render('configuracion/configuracion', [], true)
 5 APPPATH\Controllers\Configuracion.php(46): view('configuracion/configuracion', [...])
 6 SYSTEMPATH\CodeIgniter.php(934): App\Controllers\Configuracion->index()
 7 SYSTEMPATH\CodeIgniter.php(499): CodeIgniter\CodeIgniter->runController(Object(App\Controllers\Configuracion))
 8 SYSTEMPATH\CodeIgniter.php(368): CodeIgniter\CodeIgniter->handleRequest(null, Object(Config\Cache), false)
 9 FCPATH\index.php(67): CodeIgniter\CodeIgniter->run()
CRITICAL - 2023-03-18 00:10:31 --> Undefined variable $nombre
in APPPATH\Views\configuracion\configuracion.php on line 32.
 1 APPPATH\Views\configuracion\configuracion.php(32): CodeIgniter\Debug\Exceptions->errorHandler(2, 'Undefined variable $nombre', 'APPPATH\\Views\\configuracion\\configuracion.php', 32)
 2 SYSTEMPATH\View\View.php(213): include('APPPATH\\Views\\configuracion\\configuracion.php')
 3 SYSTEMPATH\View\View.php(216): CodeIgniter\View\View->CodeIgniter\View\{closure}()
 4 SYSTEMPATH\Common.php(1184): CodeIgniter\View\View->render('configuracion/configuracion', [], true)
 5 APPPATH\Controllers\Configuracion.php(46): view('configuracion/configuracion', [...])
 6 SYSTEMPATH\CodeIgniter.php(934): App\Controllers\Configuracion->index()
 7 SYSTEMPATH\CodeIgniter.php(499): CodeIgniter\CodeIgniter->runController(Object(App\Controllers\Configuracion))
 8 SYSTEMPATH\CodeIgniter.php(368): CodeIgniter\CodeIgniter->handleRequest(null, Object(Config\Cache), false)
 9 FCPATH\index.php(67): CodeIgniter\CodeIgniter->run()
CRITICAL - 2023-03-18 00:10:34 --> Undefined variable $nombre
in APPPATH\Views\configuracion\configuracion.php on line 32.
 1 APPPATH\Views\configuracion\configuracion.php(32): CodeIgniter\Debug\Exceptions->errorHandler(2, 'Undefined variable $nombre', 'APPPATH\\Views\\configuracion\\configuracion.php', 32)
 2 SYSTEMPATH\View\View.php(213): include('APPPATH\\Views\\configuracion\\configuracion.php')
 3 SYSTEMPATH\View\View.php(216): CodeIgniter\View\View->CodeIgniter\View\{closure}()
 4 SYSTEMPATH\Common.php(1184): CodeIgniter\View\View->render('configuracion/configuracion', [], true)
 5 APPPATH\Controllers\Configuracion.php(46): view('configuracion/configuracion', [...])
 6 SYSTEMPATH\CodeIgniter.php(934): App\Controllers\Configuracion->index()
 7 SYSTEMPATH\CodeIgniter.php(499): CodeIgniter\CodeIgniter->runController(Object(App\Controllers\Configuracion))
 8 SYSTEMPATH\CodeIgniter.php(368): CodeIgniter\CodeIgniter->handleRequest(null, Object(Config\Cache), false)
 9 FCPATH\index.php(67): CodeIgniter\CodeIgniter->run()
CRITICAL - 2023-03-18 00:11:10 --> Undefined variable $nombre
in APPPATH\Views\configuracion\configuracion.php on line 32.
 1 APPPATH\Views\configuracion\configuracion.php(32): CodeIgniter\Debug\Exceptions->errorHandler(2, 'Undefined variable $nombre', 'APPPATH\\Views\\configuracion\\configuracion.php', 32)
 2 SYSTEMPATH\View\View.php(213): include('APPPATH\\Views\\configuracion\\configuracion.php')
 3 SYSTEMPATH\View\View.php(216): CodeIgniter\View\View->CodeIgniter\View\{closure}()
 4 SYSTEMPATH\Common.php(1184): CodeIgniter\View\View->render('configuracion/configuracion', [], true)
 5 APPPATH\Controllers\Configuracion.php(46): view('configuracion/configuracion', [...])
 6 SYSTEMPATH\CodeIgniter.php(934): App\Controllers\Configuracion->index()
 7 SYSTEMPATH\CodeIgniter.php(499): CodeIgniter\CodeIgniter->runController(Object(App\Controllers\Configuracion))
 8 SYSTEMPATH\CodeIgniter.php(368): CodeIgniter\CodeIgniter->handleRequest(null, Object(Config\Cache), false)
 9 FCPATH\index.php(67): CodeIgniter\CodeIgniter->run()
CRITICAL - 2023-03-18 00:14:52 --> Undefined variable $nombre
in APPPATH\Views\configuracion\configuracion.php on line 32.
 1 APPPATH\Views\configuracion\configuracion.php(32): CodeIgniter\Debug\Exceptions->errorHandler(2, 'Undefined variable $nombre', 'APPPATH\\Views\\configuracion\\configuracion.php', 32)
 2 SYSTEMPATH\View\View.php(213): include('APPPATH\\Views\\configuracion\\configuracion.php')
 3 SYSTEMPATH\View\View.php(216): CodeIgniter\View\View->CodeIgniter\View\{closure}()
 4 SYSTEMPATH\Common.php(1184): CodeIgniter\View\View->render('configuracion/configuracion', [], true)
 5 APPPATH\Controllers\Configuracion.php(46): view('configuracion/configuracion', [...])
 6 SYSTEMPATH\CodeIgniter.php(934): App\Controllers\Configuracion->index()
 7 SYSTEMPATH\CodeIgniter.php(499): CodeIgniter\CodeIgniter->runController(Object(App\Controllers\Configuracion))
 8 SYSTEMPATH\CodeIgniter.php(368): CodeIgniter\CodeIgniter->handleRequest(null, Object(Config\Cache), false)
 9 FCPATH\index.php(67): CodeIgniter\CodeIgniter->run()
CRITICAL - 2023-03-18 00:14:55 --> Undefined array key "valor"
in APPPATH\Views\configuracion\configuracion.php on line 32.
 1 APPPATH\Views\configuracion\configuracion.php(32): CodeIgniter\Debug\Exceptions->errorHandler(2, 'Undefined array key "valor"', 'APPPATH\\Views\\configuracion\\configuracion.php', 32)
 2 SYSTEMPATH\View\View.php(213): include('APPPATH\\Views\\configuracion\\configuracion.php')
 3 SYSTEMPATH\View\View.php(216): CodeIgniter\View\View->CodeIgniter\View\{closure}()
 4 SYSTEMPATH\Common.php(1184): CodeIgniter\View\View->render('configuracion/configuracion', [], true)
 5 APPPATH\Controllers\Configuracion.php(46): view('configuracion/configuracion', [...])
 6 SYSTEMPATH\CodeIgniter.php(934): App\Controllers\Configuracion->index()
 7 SYSTEMPATH\CodeIgniter.php(499): CodeIgniter\CodeIgniter->runController(Object(App\Controllers\Configuracion))
 8 SYSTEMPATH\CodeIgniter.php(368): CodeIgniter\CodeIgniter->handleRequest(null, Object(Config\Cache), false)
 9 FCPATH\index.php(67): CodeIgniter\CodeIgniter->run()
CRITICAL - 2023-03-18 00:17:05 --> Undefined array key "valor"
in APPPATH\Views\configuracion\configuracion.php on line 32.
 1 APPPATH\Views\configuracion\configuracion.php(32): CodeIgniter\Debug\Exceptions->errorHandler(2, 'Undefined array key "valor"', 'APPPATH\\Views\\configuracion\\configuracion.php', 32)
 2 SYSTEMPATH\View\View.php(213): include('APPPATH\\Views\\configuracion\\configuracion.php')
 3 SYSTEMPATH\View\View.php(216): CodeIgniter\View\View->CodeIgniter\View\{closure}()
 4 SYSTEMPATH\Common.php(1184): CodeIgniter\View\View->render('configuracion/configuracion', [], true)
 5 APPPATH\Controllers\Configuracion.php(41): view('configuracion/configuracion', [...])
 6 SYSTEMPATH\CodeIgniter.php(934): App\Controllers\Configuracion->index()
 7 SYSTEMPATH\CodeIgniter.php(499): CodeIgniter\CodeIgniter->runController(Object(App\Controllers\Configuracion))
 8 SYSTEMPATH\CodeIgniter.php(368): CodeIgniter\CodeIgniter->handleRequest(null, Object(Config\Cache), false)
 9 FCPATH\index.php(67): CodeIgniter\CodeIgniter->run()
CRITICAL - 2023-03-18 00:17:14 --> Undefined array key "valor"
in APPPATH\Views\configuracion\configuracion.php on line 32.
 1 APPPATH\Views\configuracion\configuracion.php(32): CodeIgniter\Debug\Exceptions->errorHandler(2, 'Undefined array key "valor"', 'APPPATH\\Views\\configuracion\\configuracion.php', 32)
 2 SYSTEMPATH\View\View.php(213): include('APPPATH\\Views\\configuracion\\configuracion.php')
 3 SYSTEMPATH\View\View.php(216): CodeIgniter\View\View->CodeIgniter\View\{closure}()
 4 SYSTEMPATH\Common.php(1184): CodeIgniter\View\View->render('configuracion/configuracion', [], true)
 5 APPPATH\Controllers\Configuracion.php(41): view('configuracion/configuracion', [...])
 6 SYSTEMPATH\CodeIgniter.php(934): App\Controllers\Configuracion->index()
 7 SYSTEMPATH\CodeIgniter.php(499): CodeIgniter\CodeIgniter->runController(Object(App\Controllers\Configuracion))
 8 SYSTEMPATH\CodeIgniter.php(368): CodeIgniter\CodeIgniter->handleRequest(null, Object(Config\Cache), false)
 9 FCPATH\index.php(67): CodeIgniter\CodeIgniter->run()
CRITICAL - 2023-03-18 00:17:59 --> Undefined array key "valor"
in APPPATH\Views\configuracion\configuracion.php on line 32.
 1 APPPATH\Views\configuracion\configuracion.php(32): CodeIgniter\Debug\Exceptions->errorHandler(2, 'Undefined array key "valor"', 'APPPATH\\Views\\configuracion\\configuracion.php', 32)
 2 SYSTEMPATH\View\View.php(213): include('APPPATH\\Views\\configuracion\\configuracion.php')
 3 SYSTEMPATH\View\View.php(216): CodeIgniter\View\View->CodeIgniter\View\{closure}()
 4 SYSTEMPATH\Common.php(1184): CodeIgniter\View\View->render('configuracion/configuracion', [], true)
 5 APPPATH\Controllers\Configuracion.php(41): view('configuracion/configuracion', [...])
 6 SYSTEMPATH\CodeIgniter.php(934): App\Controllers\Configuracion->index()
 7 SYSTEMPATH\CodeIgniter.php(499): CodeIgniter\CodeIgniter->runController(Object(App\Controllers\Configuracion))
 8 SYSTEMPATH\CodeIgniter.php(368): CodeIgniter\CodeIgniter->handleRequest(null, Object(Config\Cache), false)
 9 FCPATH\index.php(67): CodeIgniter\CodeIgniter->run()
CRITICAL - 2023-03-18 01:02:31 --> Undefined array key "valor"
in APPPATH\Views\configuracion\configuracion.php on line 32.
 1 APPPATH\Views\configuracion\configuracion.php(32): CodeIgniter\Debug\Exceptions->errorHandler(2, 'Undefined array key "valor"', 'APPPATH\\Views\\configuracion\\configuracion.php', 32)
 2 SYSTEMPATH\View\View.php(213): include('APPPATH\\Views\\configuracion\\configuracion.php')
 3 SYSTEMPATH\View\View.php(216): CodeIgniter\View\View->CodeIgniter\View\{closure}()
 4 SYSTEMPATH\Common.php(1184): CodeIgniter\View\View->render('configuracion/configuracion', [], true)
 5 APPPATH\Controllers\Configuracion.php(36): view('configuracion/configuracion', [...])
 6 SYSTEMPATH\CodeIgniter.php(934): App\Controllers\Configuracion->index()
 7 SYSTEMPATH\CodeIgniter.php(499): CodeIgniter\CodeIgniter->runController(Object(App\Controllers\Configuracion))
 8 SYSTEMPATH\CodeIgniter.php(368): CodeIgniter\CodeIgniter->handleRequest(null, Object(Config\Cache), false)
 9 FCPATH\index.php(67): CodeIgniter\CodeIgniter->run()
CRITICAL - 2023-03-18 01:02:43 --> Undefined array key "valor"
in APPPATH\Views\configuracion\configuracion.php on line 32.
 1 APPPATH\Views\configuracion\configuracion.php(32): CodeIgniter\Debug\Exceptions->errorHandler(2, 'Undefined array key "valor"', 'APPPATH\\Views\\configuracion\\configuracion.php', 32)
 2 SYSTEMPATH\View\View.php(213): include('APPPATH\\Views\\configuracion\\configuracion.php')
 3 SYSTEMPATH\View\View.php(216): CodeIgniter\View\View->CodeIgniter\View\{closure}()
 4 SYSTEMPATH\Common.php(1184): CodeIgniter\View\View->render('configuracion/configuracion', [], true)
 5 APPPATH\Controllers\Configuracion.php(36): view('configuracion/configuracion', [...])
 6 SYSTEMPATH\CodeIgniter.php(934): App\Controllers\Configuracion->index()
 7 SYSTEMPATH\CodeIgniter.php(499): CodeIgniter\CodeIgniter->runController(Object(App\Controllers\Configuracion))
 8 SYSTEMPATH\CodeIgniter.php(368): CodeIgniter\CodeIgniter->handleRequest(null, Object(Config\Cache), false)
 9 FCPATH\index.php(67): CodeIgniter\CodeIgniter->run()
CRITICAL - 2023-03-18 01:07:08 --> Call to undefined method App\Models\ConfiguracionModel::fin
in SYSTEMPATH\Model.php on line 842.
 1 APPPATH\Controllers\Configuracion.php(28): CodeIgniter\Model->__call('fin', [])
 2 SYSTEMPATH\CodeIgniter.php(934): App\Controllers\Configuracion->index()
 3 SYSTEMPATH\CodeIgniter.php(499): CodeIgniter\CodeIgniter->runController(Object(App\Controllers\Configuracion))
 4 SYSTEMPATH\CodeIgniter.php(368): CodeIgniter\CodeIgniter->handleRequest(null, Object(Config\Cache), false)
 5 FCPATH\index.php(67): CodeIgniter\CodeIgniter->run()
CRITICAL - 2023-03-18 01:07:10 --> Call to undefined method App\Models\ConfiguracionModel::fi
in SYSTEMPATH\Model.php on line 842.
 1 APPPATH\Controllers\Configuracion.php(28): CodeIgniter\Model->__call('fi', [])
 2 SYSTEMPATH\CodeIgniter.php(934): App\Controllers\Configuracion->index()
 3 SYSTEMPATH\CodeIgniter.php(499): CodeIgniter\CodeIgniter->runController(Object(App\Controllers\Configuracion))
 4 SYSTEMPATH\CodeIgniter.php(368): CodeIgniter\CodeIgniter->handleRequest(null, Object(Config\Cache), false)
 5 FCPATH\index.php(67): CodeIgniter\CodeIgniter->run()
CRITICAL - 2023-03-18 01:07:12 --> Undefined array key "valor"
in APPPATH\Views\configuracion\configuracion.php on line 36.
 1 APPPATH\Views\configuracion\configuracion.php(36): CodeIgniter\Debug\Exceptions->errorHandler(2, 'Undefined array key "valor"', 'APPPATH\\Views\\configuracion\\configuracion.php', 36)
 2 SYSTEMPATH\View\View.php(213): include('APPPATH\\Views\\configuracion\\configuracion.php')
 3 SYSTEMPATH\View\View.php(216): CodeIgniter\View\View->CodeIgniter\View\{closure}()
 4 SYSTEMPATH\Common.php(1184): CodeIgniter\View\View->render('configuracion/configuracion', [], true)
 5 APPPATH\Controllers\Configuracion.php(36): view('configuracion/configuracion', [...])
 6 SYSTEMPATH\CodeIgniter.php(934): App\Controllers\Configuracion->index()
 7 SYSTEMPATH\CodeIgniter.php(499): CodeIgniter\CodeIgniter->runController(Object(App\Controllers\Configuracion))
 8 SYSTEMPATH\CodeIgniter.php(368): CodeIgniter\CodeIgniter->handleRequest(null, Object(Config\Cache), false)
 9 FCPATH\index.php(67): CodeIgniter\CodeIgniter->run()
CRITICAL - 2023-03-18 01:07:29 --> Undefined array key "valor"
in APPPATH\Views\configuracion\configuracion.php on line 44.
 1 APPPATH\Views\configuracion\configuracion.php(44): CodeIgniter\Debug\Exceptions->errorHandler(2, 'Undefined array key "valor"', 'APPPATH\\Views\\configuracion\\configuracion.php', 44)
 2 SYSTEMPATH\View\View.php(213): include('APPPATH\\Views\\configuracion\\configuracion.php')
 3 SYSTEMPATH\View\View.php(216): CodeIgniter\View\View->CodeIgniter\View\{closure}()
 4 SYSTEMPATH\Common.php(1184): CodeIgniter\View\View->render('configuracion/configuracion', [], true)
 5 APPPATH\Controllers\Configuracion.php(36): view('configuracion/configuracion', [...])
 6 SYSTEMPATH\CodeIgniter.php(934): App\Controllers\Configuracion->index()
 7 SYSTEMPATH\CodeIgniter.php(499): CodeIgniter\CodeIgniter->runController(Object(App\Controllers\Configuracion))
 8 SYSTEMPATH\CodeIgniter.php(368): CodeIgniter\CodeIgniter->handleRequest(null, Object(Config\Cache), false)
 9 FCPATH\index.php(67): CodeIgniter\CodeIgniter->run()
CRITICAL - 2023-03-18 01:07:33 --> Undefined array key "valor"
in APPPATH\Views\configuracion\configuracion.php on line 48.
 1 APPPATH\Views\configuracion\configuracion.php(48): CodeIgniter\Debug\Exceptions->errorHandler(2, 'Undefined array key "valor"', 'APPPATH\\Views\\configuracion\\configuracion.php', 48)
 2 SYSTEMPATH\View\View.php(213): include('APPPATH\\Views\\configuracion\\configuracion.php')
 3 SYSTEMPATH\View\View.php(216): CodeIgniter\View\View->CodeIgniter\View\{closure}()
 4 SYSTEMPATH\Common.php(1184): CodeIgniter\View\View->render('configuracion/configuracion', [], true)
 5 APPPATH\Controllers\Configuracion.php(36): view('configuracion/configuracion', [...])
 6 SYSTEMPATH\CodeIgniter.php(934): App\Controllers\Configuracion->index()
 7 SYSTEMPATH\CodeIgniter.php(499): CodeIgniter\CodeIgniter->runController(Object(App\Controllers\Configuracion))
 8 SYSTEMPATH\CodeIgniter.php(368): CodeIgniter\CodeIgniter->handleRequest(null, Object(Config\Cache), false)
 9 FCPATH\index.php(67): CodeIgniter\CodeIgniter->run()
CRITICAL - 2023-03-18 01:07:39 --> Undefined array key "valor"
in APPPATH\Views\configuracion\configuracion.php on line 56.
 1 APPPATH\Views\configuracion\configuracion.php(56): CodeIgniter\Debug\Exceptions->errorHandler(2, 'Undefined array key "valor"', 'APPPATH\\Views\\configuracion\\configuracion.php', 56)
 2 SYSTEMPATH\View\View.php(213): include('APPPATH\\Views\\configuracion\\configuracion.php')
 3 SYSTEMPATH\View\View.php(216): CodeIgniter\View\View->CodeIgniter\View\{closure}()
 4 SYSTEMPATH\Common.php(1184): CodeIgniter\View\View->render('configuracion/configuracion', [], true)
 5 APPPATH\Controllers\Configuracion.php(36): view('configuracion/configuracion', [...])
 6 SYSTEMPATH\CodeIgniter.php(934): App\Controllers\Configuracion->index()
 7 SYSTEMPATH\CodeIgniter.php(499): CodeIgniter\CodeIgniter->runController(Object(App\Controllers\Configuracion))
 8 SYSTEMPATH\CodeIgniter.php(368): CodeIgniter\CodeIgniter->handleRequest(null, Object(Config\Cache), false)
 9 FCPATH\index.php(67): CodeIgniter\CodeIgniter->run()
CRITICAL - 2023-03-18 01:08:34 --> syntax error, unexpected token "[", expecting variable or "{" or "$"
in APPPATH\Views\configuracion\configuracion.php on line 60.
 1 SYSTEMPATH\View\View.php(216): CodeIgniter\View\View->CodeIgniter\View\{closure}()
 2 SYSTEMPATH\Common.php(1184): CodeIgniter\View\View->render('configuracion/configuracion', [], true)
 3 APPPATH\Controllers\Configuracion.php(36): view('configuracion/configuracion', [...])
 4 SYSTEMPATH\CodeIgniter.php(934): App\Controllers\Configuracion->index()
 5 SYSTEMPATH\CodeIgniter.php(499): CodeIgniter\CodeIgniter->runController(Object(App\Controllers\Configuracion))
 6 SYSTEMPATH\CodeIgniter.php(368): CodeIgniter\CodeIgniter->handleRequest(null, Object(Config\Cache), false)
 7 FCPATH\index.php(67): CodeIgniter\CodeIgniter->run()
CRITICAL - 2023-03-18 01:12:46 --> syntax error, unexpected token ";", expecting "function" or "const"
in APPPATH\Controllers\Configuracion.php on line 60.
 1 SYSTEMPATH\Autoloader\Autoloader.php(289): CodeIgniter\Autoloader\Autoloader->includeFile('APPPATH\\Controllers\\Configuracion.php')
 2 SYSTEMPATH\Autoloader\Autoloader.php(267): CodeIgniter\Autoloader\Autoloader->loadInNamespace('App\\Controllers\\Configuracion')
 3 [internal function]: CodeIgniter\Autoloader\Autoloader->loadClass('App\\Controllers\\Configuracion')
 4 SYSTEMPATH\CodeIgniter.php(892): class_exists('\\App\\Controllers\\Configuracion', true)
 5 SYSTEMPATH\CodeIgniter.php(486): CodeIgniter\CodeIgniter->startController()
 6 SYSTEMPATH\CodeIgniter.php(368): CodeIgniter\CodeIgniter->handleRequest(null, Object(Config\Cache), false)
 7 FCPATH\index.php(67): CodeIgniter\CodeIgniter->run()
