CRITICAL - 2023-03-17 23:53:27 --> Undefined property: CodeIgniter\View\View::$configuracion
in APPPATH\Views\configuracion\configuracion.php on line 32.
 1 APPPATH\Views\configuracion\configuracion.php(32): CodeIgniter\Debug\Exceptions->errorHandler(2, 'Undefined property: CodeIgniter\\View\\View::$configuracion', 'APPPATH\\Views\\configuracion\\configuracion.php', 32)
 2 SYSTEMPATH\View\View.php(213): include('APPPATH\\Views\\configuracion\\configuracion.php')
 3 SYSTEMPATH\View\View.php(216): CodeIgniter\View\View->CodeIgniter\View\{closure}()
 4 SYSTEMPATH\Common.php(1184): CodeIgniter\View\View->render('configuracion/configuracion', [], true)
 5 APPPATH\Controllers\Configuracion.php(46): view('configuracion/configuracion', [...])
 6 SYSTEMPATH\CodeIgniter.php(934): App\Controllers\Configuracion->index()
 7 SYSTEMPATH\CodeIgniter.php(499): CodeIgniter\CodeIgniter->runController(Object(App\Controllers\Configuracion))
 8 SYSTEMPATH\CodeIgniter.php(368): CodeIgniter\CodeIgniter->handleRequest(null, Object(Config\Cache), false)
 9 FCPATH\index.php(67): CodeIgniter\CodeIgniter->run()
CRITICAL - 2023-03-17 23:56:54 --> Undefined variable $nombre
in APPPATH\Views\configuracion\configuracion.php on line 32.
 1 APPPATH\Views\configuracion\configuracion.php(32): CodeIgniter\Debug\Exceptions->errorHandler(2, 'Undefined variable $nombre', 'APPPATH\\Views\\configuracion\\configuracion.php', 32)
 2 SYSTEMPATH\View\View.php(213): include('APPPATH\\Views\\configuracion\\configuracion.php')
 3 SYSTEMPATH\View\View.php(216): CodeIgniter\View\View->CodeIgniter\View\{closure}()
 4 SYSTEMPATH\Common.php(1184): CodeIgniter\View\View->render('configuracion/configuracion', [], true)
 5 APPPATH\Controllers\Configuracion.php(46): view('configuracion/configuracion', [...])
 6 SYSTEMPATH\CodeIgniter.php(934): App\Controllers\Configuracion->index()
 7 SYSTEMPATH\CodeIgniter.php(499): CodeIgniter\CodeIgniter->runController(Object(App\Controllers\Configuracion))
 8 SYSTEMPATH\CodeIgniter.php(368): CodeIgniter\CodeIgniter->handleRequest(null, Object(Config\Cache), false)
 9 FCPATH\index.php(67): CodeIgniter\CodeIgniter->run()
CRITICAL - 2023-03-17 23:57:34 --> Undefined variable $nombre
in APPPATH\Views\configuracion\configuracion.php on line 32.
 1 APPPATH\Views\configuracion\configuracion.php(32): CodeIgniter\Debug\Exceptions->errorHandler(2, 'Undefined variable $nombre', 'APPPATH\\Views\\configuracion\\configuracion.php', 32)
 2 SYSTEMPATH\View\View.php(213): include('APPPATH\\Views\\configuracion\\configuracion.php')
 3 SYSTEMPATH\View\View.php(216): CodeIgniter\View\View->CodeIgniter\View\{closure}()
 4 SYSTEMPATH\Common.php(1184): CodeIgniter\View\View->render('configuracion/configuracion', [], true)
 5 APPPATH\Controllers\Configuracion.php(46): view('configuracion/configuracion', [...])
 6 SYSTEMPATH\CodeIgniter.php(934): App\Controllers\Configuracion->index()
 7 SYSTEMPATH\CodeIgniter.php(499): CodeIgniter\CodeIgniter->runController(Object(App\Controllers\Configuracion))
 8 SYSTEMPATH\CodeIgniter.php(368): CodeIgniter\CodeIgniter->handleRequest(null, Object(Config\Cache), false)
 9 FCPATH\index.php(67): CodeIgniter\CodeIgniter->run()
CRITICAL - 2023-03-17 23:57:38 --> Undefined variable $nombre
in APPPATH\Views\configuracion\configuracion.php on line 32.
 1 APPPATH\Views\configuracion\configuracion.php(32): CodeIgniter\Debug\Exceptions->errorHandler(2, 'Undefined variable $nombre', 'APPPATH\\Views\\configuracion\\configuracion.php', 32)
 2 SYSTEMPATH\View\View.php(213): include('APPPATH\\Views\\configuracion\\configuracion.php')
 3 SYSTEMPATH\View\View.php(216): CodeIgniter\View\View->CodeIgniter\View\{closure}()
 4 SYSTEMPATH\Common.php(1184): CodeIgniter\View\View->render('configuracion/configuracion', [], true)
 5 APPPATH\Controllers\Configuracion.php(46): view('configuracion/configuracion', [...])
 6 SYSTEMPATH\CodeIgniter.php(934): App\Controllers\Configuracion->index()
 7 SYSTEMPATH\CodeIgniter.php(499): CodeIgniter\CodeIgniter->runController(Object(App\Controllers\Configuracion))
 8 SYSTEMPATH\CodeIgniter.php(368): CodeIgniter\CodeIgniter->handleRequest(null, Object(Config\Cache), false)
 9 FCPATH\index.php(67): CodeIgniter\CodeIgniter->run()
CRITICAL - 2023-03-17 23:57:40 --> Undefined variable $nombre
in APPPATH\Views\configuracion\configuracion.php on line 32.
 1 APPPATH\Views\configuracion\configuracion.php(32): CodeIgniter\Debug\Exceptions->errorHandler(2, 'Undefined variable $nombre', 'APPPATH\\Views\\configuracion\\configuracion.php', 32)
 2 SYSTEMPATH\View\View.php(213): include('APPPATH\\Views\\configuracion\\configuracion.php')
 3 SYSTEMPATH\View\View.php(216): CodeIgniter\View\View->CodeIgniter\View\{closure}()
 4 SYSTEMPATH\Common.php(1184): CodeIgniter\View\View->render('configuracion/configuracion', [], true)
 5 APPPATH\Controllers\Configuracion.php(46): view('configuracion/configuracion', [...])
 6 SYSTEMPATH\CodeIgniter.php(934): App\Controllers\Configuracion->index()
 7 SYSTEMPATH\CodeIgniter.php(499): CodeIgniter\CodeIgniter->runController(Object(App\Controllers\Configuracion))
 8 SYSTEMPATH\CodeIgniter.php(368): CodeIgniter\CodeIgniter->handleRequest(null, Object(Config\Cache), false)
 9 FCPATH\index.php(67): CodeIgniter\CodeIgniter->run()
CRITICAL - 2023-03-17 23:57:54 --> Undefined variable $nombre
in APPPATH\Views\configuracion\configuracion.php on line 32.
 1 APPPATH\Views\configuracion\configuracion.php(32): CodeIgniter\Debug\Exceptions->errorHandler(2, 'Undefined variable $nombre', 'APPPATH\\Views\\configuracion\\configuracion.php', 32)
 2 SYSTEMPATH\View\View.php(213): include('APPPATH\\Views\\configuracion\\configuracion.php')
 3 SYSTEMPATH\View\View.php(216): CodeIgniter\View\View->CodeIgniter\View\{closure}()
 4 SYSTEMPATH\Common.php(1184): CodeIgniter\View\View->render('configuracion/configuracion', [], true)
 5 APPPATH\Controllers\Configuracion.php(46): view('configuracion/configuracion', [...])
 6 SYSTEMPATH\CodeIgniter.php(934): App\Controllers\Configuracion->index()
 7 SYSTEMPATH\CodeIgniter.php(499): CodeIgniter\CodeIgniter->runController(Object(App\Controllers\Configuracion))
 8 SYSTEMPATH\CodeIgniter.php(368): CodeIgniter\CodeIgniter->handleRequest(null, Object(Config\Cache), false)
 9 FCPATH\index.php(67): CodeIgniter\CodeIgniter->run()
CRITICAL - 2023-03-17 23:58:03 --> Undefined variable $nombre
in APPPATH\Views\configuracion\configuracion.php on line 32.
 1 APPPATH\Views\configuracion\configuracion.php(32): CodeIgniter\Debug\Exceptions->errorHandler(2, 'Undefined variable $nombre', 'APPPATH\\Views\\configuracion\\configuracion.php', 32)
 2 SYSTEMPATH\View\View.php(213): include('APPPATH\\Views\\configuracion\\configuracion.php')
 3 SYSTEMPATH\View\View.php(216): CodeIgniter\View\View->CodeIgniter\View\{closure}()
 4 SYSTEMPATH\Common.php(1184): CodeIgniter\View\View->render('configuracion/configuracion', [], true)
 5 APPPATH\Controllers\Configuracion.php(46): view('configuracion/configuracion', [...])
 6 SYSTEMPATH\CodeIgniter.php(934): App\Controllers\Configuracion->index()
 7 SYSTEMPATH\CodeIgniter.php(499): CodeIgniter\CodeIgniter->runController(Object(App\Controllers\Configuracion))
 8 SYSTEMPATH\CodeIgniter.php(368): CodeIgniter\CodeIgniter->handleRequest(null, Object(Config\Cache), false)
 9 FCPATH\index.php(67): CodeIgniter\CodeIgniter->run()
CRITICAL - 2023-03-17 23:58:52 --> Undefined variable $nombre
in APPPATH\Views\configuracion\configuracion.php on line 32.
 1 APPPATH\Views\configuracion\configuracion.php(32): CodeIgniter\Debug\Exceptions->errorHandler(2, 'Undefined variable $nombre', 'APPPATH\\Views\\configuracion\\configuracion.php', 32)
 2 SYSTEMPATH\View\View.php(213): include('APPPATH\\Views\\configuracion\\configuracion.php')
 3 SYSTEMPATH\View\View.php(216): CodeIgniter\View\View->CodeIgniter\View\{closure}()
 4 SYSTEMPATH\Common.php(1184): CodeIgniter\View\View->render('configuracion/configuracion', [], true)
 5 APPPATH\Controllers\Configuracion.php(46): view('configuracion/configuracion', [...])
 6 SYSTEMPATH\CodeIgniter.php(934): App\Controllers\Configuracion->index()
 7 SYSTEMPATH\CodeIgniter.php(499): CodeIgniter\CodeIgniter->runController(Object(App\Controllers\Configuracion))
 8 SYSTEMPATH\CodeIgniter.php(368): CodeIgniter\CodeIgniter->handleRequest(null, Object(Config\Cache), false)
 9 FCPATH\index.php(67): CodeIgniter\CodeIgniter->run()
CRITICAL - 2023-03-17 23:58:59 --> Undefined variable $nombre
in APPPATH\Views\configuracion\configuracion.php on line 32.
 1 APPPATH\Views\configuracion\configuracion.php(32): CodeIgniter\Debug\Exceptions->errorHandler(2, 'Undefined variable $nombre', 'APPPATH\\Views\\configuracion\\configuracion.php', 32)
 2 SYSTEMPATH\View\View.php(213): include('APPPATH\\Views\\configuracion\\configuracion.php')
 3 SYSTEMPATH\View\View.php(216): CodeIgniter\View\View->CodeIgniter\View\{closure}()
 4 SYSTEMPATH\Common.php(1184): CodeIgniter\View\View->render('configuracion/configuracion', [], true)
 5 APPPATH\Controllers\Configuracion.php(46): view('configuracion/configuracion', [...])
 6 SYSTEMPATH\CodeIgniter.php(934): App\Controllers\Configuracion->index()
 7 SYSTEMPATH\CodeIgniter.php(499): CodeIgniter\CodeIgniter->runController(Object(App\Controllers\Configuracion))
 8 SYSTEMPATH\CodeIgniter.php(368): CodeIgniter\CodeIgniter->handleRequest(null, Object(Config\Cache), false)
 9 FCPATH\index.php(67): CodeIgniter\CodeIgniter->run()
CRITICAL - 2023-03-17 23:59:01 --> Undefined variable $nombre
in APPPATH\Views\configuracion\configuracion.php on line 32.
 1 APPPATH\Views\configuracion\configuracion.php(32): CodeIgniter\Debug\Exceptions->errorHandler(2, 'Undefined variable $nombre', 'APPPATH\\Views\\configuracion\\configuracion.php', 32)
 2 SYSTEMPATH\View\View.php(213): include('APPPATH\\Views\\configuracion\\configuracion.php')
 3 SYSTEMPATH\View\View.php(216): CodeIgniter\View\View->CodeIgniter\View\{closure}()
 4 SYSTEMPATH\Common.php(1184): CodeIgniter\View\View->render('configuracion/configuracion', [], true)
 5 APPPATH\Controllers\Configuracion.php(46): view('configuracion/configuracion', [...])
 6 SYSTEMPATH\CodeIgniter.php(934): App\Controllers\Configuracion->index()
 7 SYSTEMPATH\CodeIgniter.php(499): CodeIgniter\CodeIgniter->runController(Object(App\Controllers\Configuracion))
 8 SYSTEMPATH\CodeIgniter.php(368): CodeIgniter\CodeIgniter->handleRequest(null, Object(Config\Cache), false)
 9 FCPATH\index.php(67): CodeIgniter\CodeIgniter->run()
CRITICAL - 2023-03-17 23:59:40 --> Undefined variable $nombre
in APPPATH\Views\configuracion\configuracion.php on line 32.
 1 APPPATH\Views\configuracion\configuracion.php(32): CodeIgniter\Debug\Exceptions->errorHandler(2, 'Undefined variable $nombre', 'APPPATH\\Views\\configuracion\\configuracion.php', 32)
 2 SYSTEMPATH\View\View.php(213): include('APPPATH\\Views\\configuracion\\configuracion.php')
 3 SYSTEMPATH\View\View.php(216): CodeIgniter\View\View->CodeIgniter\View\{closure}()
 4 SYSTEMPATH\Common.php(1184): CodeIgniter\View\View->render('configuracion/configuracion', [], true)
 5 APPPATH\Controllers\Configuracion.php(46): view('configuracion/configuracion', [...])
 6 SYSTEMPATH\CodeIgniter.php(934): App\Controllers\Configuracion->index()
 7 SYSTEMPATH\CodeIgniter.php(499): CodeIgniter\CodeIgniter->runController(Object(App\Controllers\Configuracion))
 8 SYSTEMPATH\CodeIgniter.php(368): CodeIgniter\CodeIgniter->handleRequest(null, Object(Config\Cache), false)
 9 FCPATH\index.php(67): CodeIgniter\CodeIgniter->run()
CRITICAL - 2023-03-17 23:59:45 --> Undefined variable $nombre
in APPPATH\Views\configuracion\configuracion.php on line 32.
 1 APPPATH\Views\configuracion\configuracion.php(32): CodeIgniter\Debug\Exceptions->errorHandler(2, 'Undefined variable $nombre', 'APPPATH\\Views\\configuracion\\configuracion.php', 32)
 2 SYSTEMPATH\View\View.php(213): include('APPPATH\\Views\\configuracion\\configuracion.php')
 3 SYSTEMPATH\View\View.php(216): CodeIgniter\View\View->CodeIgniter\View\{closure}()
 4 SYSTEMPATH\Common.php(1184): CodeIgniter\View\View->render('configuracion/configuracion', [], true)
 5 APPPATH\Controllers\Configuracion.php(46): view('configuracion/configuracion', [...])
 6 SYSTEMPATH\CodeIgniter.php(934): App\Controllers\Configuracion->index()
 7 SYSTEMPATH\CodeIgniter.php(499): CodeIgniter\CodeIgniter->runController(Object(App\Controllers\Configuracion))
 8 SYSTEMPATH\CodeIgniter.php(368): CodeIgniter\CodeIgniter->handleRequest(null, Object(Config\Cache), false)
 9 FCPATH\index.php(67): CodeIgniter\CodeIgniter->run()
